2023-06-14 19:37:38,714 INFO [main][SpringApplication.java:655] - The following profiles are active: dev
2023-06-14 19:37:38,714 INFO [main][SpringApplication.java:655] - The following profiles are active: dev
2023-06-14 19:37:39,520 DEBUG [main][LogFactory.java:105] - Logging initialized using 'class org.apache.ibatis.logging.slf4j.Slf4jImpl' adapter.
2023-06-14 19:37:39,520 DEBUG [main][LogFactory.java:105] - Logging initialized using 'class org.apache.ibatis.logging.slf4j.Slf4jImpl' adapter.
2023-06-14 19:37:39,600 INFO [main][GenericScope.java:295] - BeanFactory id=ede9088c-af9a-336f-9e26-557f20afba0d
2023-06-14 19:37:39,600 INFO [main][GenericScope.java:295] - BeanFactory id=ede9088c-af9a-336f-9e26-557f20afba0d
2023-06-14 19:37:39,877 DEBUG [main][HikariConfig.java:946] - Driver class com.mysql.cj.jdbc.Driver found in Thread context class loader sun.misc.Launcher$AppClassLoader@18b4aac2
2023-06-14 19:37:39,877 DEBUG [main][HikariConfig.java:946] - Driver class com.mysql.cj.jdbc.Driver found in Thread context class loader sun.misc.Launcher$AppClassLoader@18b4aac2
2023-06-14 19:37:39,980 DEBUG [main][Logger.java:49] - Registered plugin: 'com.baomidou.mybatisplus.extension.plugins.MybatisPlusInterceptor@65e22def'
2023-06-14 19:37:39,980 DEBUG [main][Logger.java:49] - Registered plugin: 'com.baomidou.mybatisplus.extension.plugins.MybatisPlusInterceptor@65e22def'
2023-06-14 19:37:39,981 DEBUG [main][Logger.java:49] - Property 'mapperLocations' was not specified.
2023-06-14 19:37:39,981 DEBUG [main][Logger.java:49] - Property 'mapperLocations' was not specified.
2023-06-14 19:37:40,808 DEBUG [main][MybatisConfiguration.java:128] - addMappedStatement: com.video.media.mapper.MediaFilesMapper.insert
2023-06-14 19:37:40,808 DEBUG [main][MybatisConfiguration.java:128] - addMappedStatement: com.video.media.mapper.MediaFilesMapper.insert
2023-06-14 19:37:40,813 DEBUG [main][MybatisConfiguration.java:128] - addMappedStatement: com.video.media.mapper.MediaFilesMapper.delete
2023-06-14 19:37:40,813 DEBUG [main][MybatisConfiguration.java:128] - addMappedStatement: com.video.media.mapper.MediaFilesMapper.delete
2023-06-14 19:37:40,816 DEBUG [main][MybatisConfiguration.java:128] - addMappedStatement: com.video.media.mapper.MediaFilesMapper.deleteByMap
2023-06-14 19:37:40,816 DEBUG [main][MybatisConfiguration.java:128] - addMappedStatement: com.video.media.mapper.MediaFilesMapper.deleteByMap
2023-06-14 19:37:40,846 DEBUG [main][MybatisConfiguration.java:128] - addMappedStatement: com.video.media.mapper.MediaFilesMapper.deleteById
2023-06-14 19:37:40,846 DEBUG [main][MybatisConfiguration.java:128] - addMappedStatement: com.video.media.mapper.MediaFilesMapper.deleteById
2023-06-14 19:37:40,848 DEBUG [main][MybatisConfiguration.java:128] - addMappedStatement: com.video.media.mapper.MediaFilesMapper.deleteBatchIds
2023-06-14 19:37:40,848 DEBUG [main][MybatisConfiguration.java:128] - addMappedStatement: com.video.media.mapper.MediaFilesMapper.deleteBatchIds
2023-06-14 19:37:40,852 DEBUG [main][MybatisConfiguration.java:128] - addMappedStatement: com.video.media.mapper.MediaFilesMapper.update
2023-06-14 19:37:40,852 DEBUG [main][MybatisConfiguration.java:128] - addMappedStatement: com.video.media.mapper.MediaFilesMapper.update
2023-06-14 19:37:40,854 DEBUG [main][MybatisConfiguration.java:128] - addMappedStatement: com.video.media.mapper.MediaFilesMapper.updateById
2023-06-14 19:37:40,854 DEBUG [main][MybatisConfiguration.java:128] - addMappedStatement: com.video.media.mapper.MediaFilesMapper.updateById
2023-06-14 19:37:40,855 DEBUG [main][MybatisConfiguration.java:128] - addMappedStatement: com.video.media.mapper.MediaFilesMapper.selectById
2023-06-14 19:37:40,855 DEBUG [main][MybatisConfiguration.java:128] - addMappedStatement: com.video.media.mapper.MediaFilesMapper.selectById
2023-06-14 19:37:40,856 DEBUG [main][MybatisConfiguration.java:128] - addMappedStatement: com.video.media.mapper.MediaFilesMapper.selectBatchIds
2023-06-14 19:37:40,856 DEBUG [main][MybatisConfiguration.java:128] - addMappedStatement: com.video.media.mapper.MediaFilesMapper.selectBatchIds
2023-06-14 19:37:40,858 DEBUG [main][MybatisConfiguration.java:128] - addMappedStatement: com.video.media.mapper.MediaFilesMapper.selectByMap
2023-06-14 19:37:40,858 DEBUG [main][MybatisConfiguration.java:128] - addMappedStatement: com.video.media.mapper.MediaFilesMapper.selectByMap
2023-06-14 19:37:40,860 DEBUG [main][MybatisConfiguration.java:128] - addMappedStatement: com.video.media.mapper.MediaFilesMapper.selectOne
2023-06-14 19:37:40,860 DEBUG [main][MybatisConfiguration.java:128] - addMappedStatement: com.video.media.mapper.MediaFilesMapper.selectOne
2023-06-14 19:37:40,862 DEBUG [main][MybatisConfiguration.java:128] - addMappedStatement: com.video.media.mapper.MediaFilesMapper.selectCount
2023-06-14 19:37:40,862 DEBUG [main][MybatisConfiguration.java:128] - addMappedStatement: com.video.media.mapper.MediaFilesMapper.selectCount
2023-06-14 19:37:40,864 DEBUG [main][MybatisConfiguration.java:128] - addMappedStatement: com.video.media.mapper.MediaFilesMapper.selectMaps
2023-06-14 19:37:40,864 DEBUG [main][MybatisConfiguration.java:128] - addMappedStatement: com.video.media.mapper.MediaFilesMapper.selectMaps
2023-06-14 19:37:40,866 DEBUG [main][MybatisConfiguration.java:128] - addMappedStatement: com.video.media.mapper.MediaFilesMapper.selectMapsPage
2023-06-14 19:37:40,866 DEBUG [main][MybatisConfiguration.java:128] - addMappedStatement: com.video.media.mapper.MediaFilesMapper.selectMapsPage
2023-06-14 19:37:40,868 DEBUG [main][MybatisConfiguration.java:128] - addMappedStatement: com.video.media.mapper.MediaFilesMapper.selectObjs
2023-06-14 19:37:40,868 DEBUG [main][MybatisConfiguration.java:128] - addMappedStatement: com.video.media.mapper.MediaFilesMapper.selectObjs
2023-06-14 19:37:40,869 DEBUG [main][MybatisConfiguration.java:128] - addMappedStatement: com.video.media.mapper.MediaFilesMapper.selectList
2023-06-14 19:37:40,869 DEBUG [main][MybatisConfiguration.java:128] - addMappedStatement: com.video.media.mapper.MediaFilesMapper.selectList
2023-06-14 19:37:40,871 DEBUG [main][MybatisConfiguration.java:128] - addMappedStatement: com.video.media.mapper.MediaFilesMapper.selectPage
2023-06-14 19:37:40,871 DEBUG [main][MybatisConfiguration.java:128] - addMappedStatement: com.video.media.mapper.MediaFilesMapper.selectPage
2023-06-14 19:37:41,608 INFO [main][PropertySourcedRequestMappingHandlerMapping.java:69] - Mapped URL path [/v2/api-docs] onto method [springfox.documentation.swagger2.web.Swagger2Controller#getDocumentation(String, HttpServletRequest)]
2023-06-14 19:37:41,608 INFO [main][PropertySourcedRequestMappingHandlerMapping.java:69] - Mapped URL path [/v2/api-docs] onto method [springfox.documentation.swagger2.web.Swagger2Controller#getDocumentation(String, HttpServletRequest)]
2023-06-14 19:37:41,867 WARN [main][URLConfigurationSource.java:121] - No URLs will be polled as dynamic configuration sources.
2023-06-14 19:37:41,867 WARN [main][URLConfigurationSource.java:121] - No URLs will be polled as dynamic configuration sources.
2023-06-14 19:37:41,868 INFO [main][URLConfigurationSource.java:122] - To enable URLs as dynamic configuration sources, define System property archaius.configurationSource.additionalUrls or make config.properties available on classpath.
2023-06-14 19:37:41,868 INFO [main][URLConfigurationSource.java:122] - To enable URLs as dynamic configuration sources, define System property archaius.configurationSource.additionalUrls or make config.properties available on classpath.
2023-06-14 19:37:41,876 WARN [main][URLConfigurationSource.java:121] - No URLs will be polled as dynamic configuration sources.
2023-06-14 19:37:41,876 WARN [main][URLConfigurationSource.java:121] - No URLs will be polled as dynamic configuration sources.
2023-06-14 19:37:41,876 INFO [main][URLConfigurationSource.java:122] - To enable URLs as dynamic configuration sources, define System property archaius.configurationSource.additionalUrls or make config.properties available on classpath.
2023-06-14 19:37:41,876 INFO [main][URLConfigurationSource.java:122] - To enable URLs as dynamic configuration sources, define System property archaius.configurationSource.additionalUrls or make config.properties available on classpath.
2023-06-14 19:37:41,921 DEBUG [main][ResourceBundleMessageInterpolator.java:172] - Loaded expression factory via original TCCL
2023-06-14 19:37:41,921 DEBUG [main][ResourceBundleMessageInterpolator.java:172] - Loaded expression factory via original TCCL
2023-06-14 19:37:41,935 DEBUG [main][AbstractConfigurationImpl.java:171] - Setting custom MessageInterpolator of type org.springframework.validation.beanvalidation.LocaleContextMessageInterpolator
2023-06-14 19:37:41,935 DEBUG [main][AbstractConfigurationImpl.java:171] - Setting custom MessageInterpolator of type org.springframework.validation.beanvalidation.LocaleContextMessageInterpolator
2023-06-14 19:37:41,937 DEBUG [main][AbstractConfigurationImpl.java:203] - Setting custom ConstraintValidatorFactory of type org.springframework.validation.beanvalidation.SpringConstraintValidatorFactory
2023-06-14 19:37:41,937 DEBUG [main][AbstractConfigurationImpl.java:203] - Setting custom ConstraintValidatorFactory of type org.springframework.validation.beanvalidation.SpringConstraintValidatorFactory
2023-06-14 19:37:41,938 DEBUG [main][AbstractConfigurationImpl.java:217] - Setting custom ParameterNameProvider of type org.springframework.validation.beanvalidation.LocalValidatorFactoryBean$1
2023-06-14 19:37:41,938 DEBUG [main][AbstractConfigurationImpl.java:217] - Setting custom ParameterNameProvider of type org.springframework.validation.beanvalidation.LocalValidatorFactoryBean$1
2023-06-14 19:37:41,941 DEBUG [main][ValidationXmlParser.java:120] - Trying to load META-INF/validation.xml for XML based Validator configuration.
2023-06-14 19:37:41,941 DEBUG [main][ValidationXmlParser.java:120] - Trying to load META-INF/validation.xml for XML based Validator configuration.
2023-06-14 19:37:41,941 DEBUG [main][ResourceLoaderHelper.java:53] - Trying to load META-INF/validation.xml via user class loader
2023-06-14 19:37:41,941 DEBUG [main][ResourceLoaderHelper.java:53] - Trying to load META-INF/validation.xml via user class loader
2023-06-14 19:37:41,942 DEBUG [main][ResourceLoaderHelper.java:60] - Trying to load META-INF/validation.xml via TCCL
2023-06-14 19:37:41,942 DEBUG [main][ResourceLoaderHelper.java:60] - Trying to load META-INF/validation.xml via TCCL
2023-06-14 19:37:41,942 DEBUG [main][ResourceLoaderHelper.java:66] - Trying to load META-INF/validation.xml via Hibernate Validator's class loader
2023-06-14 19:37:41,942 DEBUG [main][ResourceLoaderHelper.java:66] - Trying to load META-INF/validation.xml via Hibernate Validator's class loader
2023-06-14 19:37:41,943 DEBUG [main][ValidationXmlParser.java:127] - No META-INF/validation.xml found. Using annotation based configuration only.
2023-06-14 19:37:41,943 DEBUG [main][ValidationXmlParser.java:127] - No META-INF/validation.xml found. Using annotation based configuration only.
2023-06-14 19:37:41,944 DEBUG [main][TraversableResolvers.java:60] - Cannot find javax.persistence.Persistence on classpath. Assuming non JPA 2 environment. All properties will per default be traversable.
2023-06-14 19:37:41,944 DEBUG [main][TraversableResolvers.java:60] - Cannot find javax.persistence.Persistence on classpath. Assuming non JPA 2 environment. All properties will per default be traversable.
2023-06-14 19:37:41,946 DEBUG [main][ValidatorFactoryConfigurationHelper.java:300] - HV000252: Using org.hibernate.validator.internal.engine.DefaultPropertyNodeNameProvider as property node name provider.
2023-06-14 19:37:41,946 DEBUG [main][ValidatorFactoryConfigurationHelper.java:300] - HV000252: Using org.hibernate.validator.internal.engine.DefaultPropertyNodeNameProvider as property node name provider.
2023-06-14 19:37:41,948 DEBUG [main][ValidatorFactoryConfigurationHelper.java:375] - HV000234: Using org.springframework.validation.beanvalidation.LocaleContextMessageInterpolator as ValidatorFactory-scoped message interpolator.
2023-06-14 19:37:41,948 DEBUG [main][ValidatorFactoryConfigurationHelper.java:375] - HV000234: Using org.springframework.validation.beanvalidation.LocaleContextMessageInterpolator as ValidatorFactory-scoped message interpolator.
2023-06-14 19:37:41,948 DEBUG [main][ValidatorFactoryConfigurationHelper.java:376] - HV000234: Using org.hibernate.validator.internal.engine.resolver.TraverseAllTraversableResolver as ValidatorFactory-scoped traversable resolver.
2023-06-14 19:37:41,948 DEBUG [main][ValidatorFactoryConfigurationHelper.java:376] - HV000234: Using org.hibernate.validator.internal.engine.resolver.TraverseAllTraversableResolver as ValidatorFactory-scoped traversable resolver.
2023-06-14 19:37:41,948 DEBUG [main][ValidatorFactoryConfigurationHelper.java:377] - HV000234: Using org.hibernate.validator.internal.util.ExecutableParameterNameProvider as ValidatorFactory-scoped parameter name provider.
2023-06-14 19:37:41,948 DEBUG [main][ValidatorFactoryConfigurationHelper.java:377] - HV000234: Using org.hibernate.validator.internal.util.ExecutableParameterNameProvider as ValidatorFactory-scoped parameter name provider.
2023-06-14 19:37:41,948 DEBUG [main][ValidatorFactoryConfigurationHelper.java:378] - HV000234: Using org.hibernate.validator.internal.engine.DefaultClockProvider as ValidatorFactory-scoped clock provider.
2023-06-14 19:37:41,948 DEBUG [main][ValidatorFactoryConfigurationHelper.java:378] - HV000234: Using org.hibernate.validator.internal.engine.DefaultClockProvider as ValidatorFactory-scoped clock provider.
2023-06-14 19:37:41,949 DEBUG [main][ValidatorFactoryConfigurationHelper.java:379] - HV000234: Using org.hibernate.validator.internal.engine.scripting.DefaultScriptEvaluatorFactory as ValidatorFactory-scoped script evaluator factory.
2023-06-14 19:37:41,949 DEBUG [main][ValidatorFactoryConfigurationHelper.java:379] - HV000234: Using org.hibernate.validator.internal.engine.scripting.DefaultScriptEvaluatorFactory as ValidatorFactory-scoped script evaluator factory.
2023-06-14 19:37:42,131 INFO [main][ExecutorConfigurationSupport.java:181] - Initializing ExecutorService 'applicationTaskExecutor'
2023-06-14 19:37:42,131 INFO [main][ExecutorConfigurationSupport.java:181] - Initializing ExecutorService 'applicationTaskExecutor'
2023-06-14 19:37:43,028 INFO [main][ExecutorConfigurationSupport.java:181] - Initializing ExecutorService 'Nacos-Watch-Task-Scheduler'
2023-06-14 19:37:43,028 INFO [main][ExecutorConfigurationSupport.java:181] - Initializing ExecutorService 'Nacos-Watch-Task-Scheduler'
2023-06-14 19:37:43,874 DEBUG [main][MybatisConfiguration.java:128] - addMappedStatement: com.video.media.mapper.MediaProcessHistoryMapper.insert
2023-06-14 19:37:43,874 DEBUG [main][MybatisConfiguration.java:128] - addMappedStatement: com.video.media.mapper.MediaProcessHistoryMapper.insert
2023-06-14 19:37:43,876 DEBUG [main][MybatisConfiguration.java:128] - addMappedStatement: com.video.media.mapper.MediaProcessHistoryMapper.delete
2023-06-14 19:37:43,876 DEBUG [main][MybatisConfiguration.java:128] - addMappedStatement: com.video.media.mapper.MediaProcessHistoryMapper.delete
2023-06-14 19:37:43,877 DEBUG [main][MybatisConfiguration.java:128] - addMappedStatement: com.video.media.mapper.MediaProcessHistoryMapper.deleteByMap
2023-06-14 19:37:43,877 DEBUG [main][MybatisConfiguration.java:128] - addMappedStatement: com.video.media.mapper.MediaProcessHistoryMapper.deleteByMap
2023-06-14 19:37:43,879 DEBUG [main][MybatisConfiguration.java:128] - addMappedStatement: com.video.media.mapper.MediaProcessHistoryMapper.deleteById
2023-06-14 19:37:43,879 DEBUG [main][MybatisConfiguration.java:128] - addMappedStatement: com.video.media.mapper.MediaProcessHistoryMapper.deleteById
2023-06-14 19:37:43,880 DEBUG [main][MybatisConfiguration.java:128] - addMappedStatement: com.video.media.mapper.MediaProcessHistoryMapper.deleteBatchIds
2023-06-14 19:37:43,880 DEBUG [main][MybatisConfiguration.java:128] - addMappedStatement: com.video.media.mapper.MediaProcessHistoryMapper.deleteBatchIds
2023-06-14 19:37:43,882 DEBUG [main][MybatisConfiguration.java:128] - addMappedStatement: com.video.media.mapper.MediaProcessHistoryMapper.update
2023-06-14 19:37:43,882 DEBUG [main][MybatisConfiguration.java:128] - addMappedStatement: com.video.media.mapper.MediaProcessHistoryMapper.update
2023-06-14 19:37:43,883 DEBUG [main][MybatisConfiguration.java:128] - addMappedStatement: com.video.media.mapper.MediaProcessHistoryMapper.updateById
2023-06-14 19:37:43,883 DEBUG [main][MybatisConfiguration.java:128] - addMappedStatement: com.video.media.mapper.MediaProcessHistoryMapper.updateById
2023-06-14 19:37:43,883 DEBUG [main][MybatisConfiguration.java:128] - addMappedStatement: com.video.media.mapper.MediaProcessHistoryMapper.selectById
2023-06-14 19:37:43,883 DEBUG [main][MybatisConfiguration.java:128] - addMappedStatement: com.video.media.mapper.MediaProcessHistoryMapper.selectById
2023-06-14 19:37:43,884 DEBUG [main][MybatisConfiguration.java:128] - addMappedStatement: com.video.media.mapper.MediaProcessHistoryMapper.selectBatchIds
2023-06-14 19:37:43,884 DEBUG [main][MybatisConfiguration.java:128] - addMappedStatement: com.video.media.mapper.MediaProcessHistoryMapper.selectBatchIds
2023-06-14 19:37:43,886 DEBUG [main][MybatisConfiguration.java:128] - addMappedStatement: com.video.media.mapper.MediaProcessHistoryMapper.selectByMap
2023-06-14 19:37:43,886 DEBUG [main][MybatisConfiguration.java:128] - addMappedStatement: com.video.media.mapper.MediaProcessHistoryMapper.selectByMap
2023-06-14 19:37:43,887 DEBUG [main][MybatisConfiguration.java:128] - addMappedStatement: com.video.media.mapper.MediaProcessHistoryMapper.selectOne
2023-06-14 19:37:43,887 DEBUG [main][MybatisConfiguration.java:128] - addMappedStatement: com.video.media.mapper.MediaProcessHistoryMapper.selectOne
2023-06-14 19:37:43,888 DEBUG [main][MybatisConfiguration.java:128] - addMappedStatement: com.video.media.mapper.MediaProcessHistoryMapper.selectCount
2023-06-14 19:37:43,888 DEBUG [main][MybatisConfiguration.java:128] - addMappedStatement: com.video.media.mapper.MediaProcessHistoryMapper.selectCount
2023-06-14 19:37:43,890 DEBUG [main][MybatisConfiguration.java:128] - addMappedStatement: com.video.media.mapper.MediaProcessHistoryMapper.selectMaps
2023-06-14 19:37:43,890 DEBUG [main][MybatisConfiguration.java:128] - addMappedStatement: com.video.media.mapper.MediaProcessHistoryMapper.selectMaps
2023-06-14 19:37:43,891 DEBUG [main][MybatisConfiguration.java:128] - addMappedStatement: com.video.media.mapper.MediaProcessHistoryMapper.selectMapsPage
2023-06-14 19:37:43,891 DEBUG [main][MybatisConfiguration.java:128] - addMappedStatement: com.video.media.mapper.MediaProcessHistoryMapper.selectMapsPage
2023-06-14 19:37:43,892 DEBUG [main][MybatisConfiguration.java:128] - addMappedStatement: com.video.media.mapper.MediaProcessHistoryMapper.selectObjs
2023-06-14 19:37:43,892 DEBUG [main][MybatisConfiguration.java:128] - addMappedStatement: com.video.media.mapper.MediaProcessHistoryMapper.selectObjs
2023-06-14 19:37:43,894 DEBUG [main][MybatisConfiguration.java:128] - addMappedStatement: com.video.media.mapper.MediaProcessHistoryMapper.selectList
2023-06-14 19:37:43,894 DEBUG [main][MybatisConfiguration.java:128] - addMappedStatement: com.video.media.mapper.MediaProcessHistoryMapper.selectList
2023-06-14 19:37:43,895 DEBUG [main][MybatisConfiguration.java:128] - addMappedStatement: com.video.media.mapper.MediaProcessHistoryMapper.selectPage
2023-06-14 19:37:43,895 DEBUG [main][MybatisConfiguration.java:128] - addMappedStatement: com.video.media.mapper.MediaProcessHistoryMapper.selectPage
2023-06-14 19:37:43,903 DEBUG [main][MybatisConfiguration.java:128] - addMappedStatement: com.video.media.mapper.MediaProcessMapper.insert
2023-06-14 19:37:43,903 DEBUG [main][MybatisConfiguration.java:128] - addMappedStatement: com.video.media.mapper.MediaProcessMapper.insert
2023-06-14 19:37:43,905 DEBUG [main][MybatisConfiguration.java:128] - addMappedStatement: com.video.media.mapper.MediaProcessMapper.delete
2023-06-14 19:37:43,905 DEBUG [main][MybatisConfiguration.java:128] - addMappedStatement: com.video.media.mapper.MediaProcessMapper.delete
2023-06-14 19:37:43,906 DEBUG [main][MybatisConfiguration.java:128] - addMappedStatement: com.video.media.mapper.MediaProcessMapper.deleteByMap
2023-06-14 19:37:43,906 DEBUG [main][MybatisConfiguration.java:128] - addMappedStatement: com.video.media.mapper.MediaProcessMapper.deleteByMap
2023-06-14 19:37:43,907 DEBUG [main][MybatisConfiguration.java:128] - addMappedStatement: com.video.media.mapper.MediaProcessMapper.deleteById
2023-06-14 19:37:43,907 DEBUG [main][MybatisConfiguration.java:128] - addMappedStatement: com.video.media.mapper.MediaProcessMapper.deleteById
2023-06-14 19:37:43,908 DEBUG [main][MybatisConfiguration.java:128] - addMappedStatement: com.video.media.mapper.MediaProcessMapper.deleteBatchIds
2023-06-14 19:37:43,908 DEBUG [main][MybatisConfiguration.java:128] - addMappedStatement: com.video.media.mapper.MediaProcessMapper.deleteBatchIds
2023-06-14 19:37:43,910 DEBUG [main][MybatisConfiguration.java:128] - addMappedStatement: com.video.media.mapper.MediaProcessMapper.update
2023-06-14 19:37:43,910 DEBUG [main][MybatisConfiguration.java:128] - addMappedStatement: com.video.media.mapper.MediaProcessMapper.update
2023-06-14 19:37:43,911 DEBUG [main][MybatisConfiguration.java:128] - addMappedStatement: com.video.media.mapper.MediaProcessMapper.updateById
2023-06-14 19:37:43,911 DEBUG [main][MybatisConfiguration.java:128] - addMappedStatement: com.video.media.mapper.MediaProcessMapper.updateById
2023-06-14 19:37:43,912 DEBUG [main][MybatisConfiguration.java:128] - addMappedStatement: com.video.media.mapper.MediaProcessMapper.selectById
2023-06-14 19:37:43,912 DEBUG [main][MybatisConfiguration.java:128] - addMappedStatement: com.video.media.mapper.MediaProcessMapper.selectById
2023-06-14 19:37:43,913 DEBUG [main][MybatisConfiguration.java:128] - addMappedStatement: com.video.media.mapper.MediaProcessMapper.selectBatchIds
2023-06-14 19:37:43,913 DEBUG [main][MybatisConfiguration.java:128] - addMappedStatement: com.video.media.mapper.MediaProcessMapper.selectBatchIds
2023-06-14 19:37:43,914 DEBUG [main][MybatisConfiguration.java:128] - addMappedStatement: com.video.media.mapper.MediaProcessMapper.selectByMap
2023-06-14 19:37:43,914 DEBUG [main][MybatisConfiguration.java:128] - addMappedStatement: com.video.media.mapper.MediaProcessMapper.selectByMap
2023-06-14 19:37:43,916 DEBUG [main][MybatisConfiguration.java:128] - addMappedStatement: com.video.media.mapper.MediaProcessMapper.selectOne
2023-06-14 19:37:43,916 DEBUG [main][MybatisConfiguration.java:128] - addMappedStatement: com.video.media.mapper.MediaProcessMapper.selectOne
2023-06-14 19:37:43,917 DEBUG [main][MybatisConfiguration.java:128] - addMappedStatement: com.video.media.mapper.MediaProcessMapper.selectCount
2023-06-14 19:37:43,917 DEBUG [main][MybatisConfiguration.java:128] - addMappedStatement: com.video.media.mapper.MediaProcessMapper.selectCount
2023-06-14 19:37:43,919 DEBUG [main][MybatisConfiguration.java:128] - addMappedStatement: com.video.media.mapper.MediaProcessMapper.selectMaps
2023-06-14 19:37:43,919 DEBUG [main][MybatisConfiguration.java:128] - addMappedStatement: com.video.media.mapper.MediaProcessMapper.selectMaps
2023-06-14 19:37:43,920 DEBUG [main][MybatisConfiguration.java:128] - addMappedStatement: com.video.media.mapper.MediaProcessMapper.selectMapsPage
2023-06-14 19:37:43,920 DEBUG [main][MybatisConfiguration.java:128] - addMappedStatement: com.video.media.mapper.MediaProcessMapper.selectMapsPage
2023-06-14 19:37:43,921 DEBUG [main][MybatisConfiguration.java:128] - addMappedStatement: com.video.media.mapper.MediaProcessMapper.selectObjs
2023-06-14 19:37:43,921 DEBUG [main][MybatisConfiguration.java:128] - addMappedStatement: com.video.media.mapper.MediaProcessMapper.selectObjs
2023-06-14 19:37:43,923 DEBUG [main][MybatisConfiguration.java:128] - addMappedStatement: com.video.media.mapper.MediaProcessMapper.selectList
2023-06-14 19:37:43,923 DEBUG [main][MybatisConfiguration.java:128] - addMappedStatement: com.video.media.mapper.MediaProcessMapper.selectList
2023-06-14 19:37:43,924 DEBUG [main][MybatisConfiguration.java:128] - addMappedStatement: com.video.media.mapper.MediaProcessMapper.selectPage
2023-06-14 19:37:43,924 DEBUG [main][MybatisConfiguration.java:128] - addMappedStatement: com.video.media.mapper.MediaProcessMapper.selectPage
2023-06-14 19:37:43,933 DEBUG [main][MybatisConfiguration.java:128] - addMappedStatement: com.video.media.mapper.MqMessageHistoryMapper.insert
2023-06-14 19:37:43,933 DEBUG [main][MybatisConfiguration.java:128] - addMappedStatement: com.video.media.mapper.MqMessageHistoryMapper.insert
2023-06-14 19:37:43,934 DEBUG [main][MybatisConfiguration.java:128] - addMappedStatement: com.video.media.mapper.MqMessageHistoryMapper.delete
2023-06-14 19:37:43,934 DEBUG [main][MybatisConfiguration.java:128] - addMappedStatement: com.video.media.mapper.MqMessageHistoryMapper.delete
2023-06-14 19:37:43,936 DEBUG [main][MybatisConfiguration.java:128] - addMappedStatement: com.video.media.mapper.MqMessageHistoryMapper.deleteByMap
2023-06-14 19:37:43,936 DEBUG [main][MybatisConfiguration.java:128] - addMappedStatement: com.video.media.mapper.MqMessageHistoryMapper.deleteByMap
2023-06-14 19:37:43,937 DEBUG [main][MybatisConfiguration.java:128] - addMappedStatement: com.video.media.mapper.MqMessageHistoryMapper.deleteById
2023-06-14 19:37:43,937 DEBUG [main][MybatisConfiguration.java:128] - addMappedStatement: com.video.media.mapper.MqMessageHistoryMapper.deleteById
2023-06-14 19:37:43,938 DEBUG [main][MybatisConfiguration.java:128] - addMappedStatement: com.video.media.mapper.MqMessageHistoryMapper.deleteBatchIds
2023-06-14 19:37:43,938 DEBUG [main][MybatisConfiguration.java:128] - addMappedStatement: com.video.media.mapper.MqMessageHistoryMapper.deleteBatchIds
2023-06-14 19:37:43,940 DEBUG [main][MybatisConfiguration.java:128] - addMappedStatement: com.video.media.mapper.MqMessageHistoryMapper.update
2023-06-14 19:37:43,940 DEBUG [main][MybatisConfiguration.java:128] - addMappedStatement: com.video.media.mapper.MqMessageHistoryMapper.update
2023-06-14 19:37:43,942 DEBUG [main][MybatisConfiguration.java:128] - addMappedStatement: com.video.media.mapper.MqMessageHistoryMapper.updateById
2023-06-14 19:37:43,942 DEBUG [main][MybatisConfiguration.java:128] - addMappedStatement: com.video.media.mapper.MqMessageHistoryMapper.updateById
2023-06-14 19:37:43,942 DEBUG [main][MybatisConfiguration.java:128] - addMappedStatement: com.video.media.mapper.MqMessageHistoryMapper.selectById
2023-06-14 19:37:43,942 DEBUG [main][MybatisConfiguration.java:128] - addMappedStatement: com.video.media.mapper.MqMessageHistoryMapper.selectById
2023-06-14 19:37:43,943 DEBUG [main][MybatisConfiguration.java:128] - addMappedStatement: com.video.media.mapper.MqMessageHistoryMapper.selectBatchIds
2023-06-14 19:37:43,943 DEBUG [main][MybatisConfiguration.java:128] - addMappedStatement: com.video.media.mapper.MqMessageHistoryMapper.selectBatchIds
2023-06-14 19:37:43,944 DEBUG [main][MybatisConfiguration.java:128] - addMappedStatement: com.video.media.mapper.MqMessageHistoryMapper.selectByMap
2023-06-14 19:37:43,944 DEBUG [main][MybatisConfiguration.java:128] - addMappedStatement: com.video.media.mapper.MqMessageHistoryMapper.selectByMap
2023-06-14 19:37:43,946 DEBUG [main][MybatisConfiguration.java:128] - addMappedStatement: com.video.media.mapper.MqMessageHistoryMapper.selectOne
2023-06-14 19:37:43,946 DEBUG [main][MybatisConfiguration.java:128] - addMappedStatement: com.video.media.mapper.MqMessageHistoryMapper.selectOne
2023-06-14 19:37:43,948 DEBUG [main][MybatisConfiguration.java:128] - addMappedStatement: com.video.media.mapper.MqMessageHistoryMapper.selectCount
2023-06-14 19:37:43,948 DEBUG [main][MybatisConfiguration.java:128] - addMappedStatement: com.video.media.mapper.MqMessageHistoryMapper.selectCount
2023-06-14 19:37:43,949 DEBUG [main][MybatisConfiguration.java:128] - addMappedStatement: com.video.media.mapper.MqMessageHistoryMapper.selectMaps
2023-06-14 19:37:43,949 DEBUG [main][MybatisConfiguration.java:128] - addMappedStatement: com.video.media.mapper.MqMessageHistoryMapper.selectMaps
2023-06-14 19:37:43,951 DEBUG [main][MybatisConfiguration.java:128] - addMappedStatement: com.video.media.mapper.MqMessageHistoryMapper.selectMapsPage
2023-06-14 19:37:43,951 DEBUG [main][MybatisConfiguration.java:128] - addMappedStatement: com.video.media.mapper.MqMessageHistoryMapper.selectMapsPage
2023-06-14 19:37:43,953 DEBUG [main][MybatisConfiguration.java:128] - addMappedStatement: com.video.media.mapper.MqMessageHistoryMapper.selectObjs
2023-06-14 19:37:43,953 DEBUG [main][MybatisConfiguration.java:128] - addMappedStatement: com.video.media.mapper.MqMessageHistoryMapper.selectObjs
2023-06-14 19:37:43,954 DEBUG [main][MybatisConfiguration.java:128] - addMappedStatement: com.video.media.mapper.MqMessageHistoryMapper.selectList
2023-06-14 19:37:43,954 DEBUG [main][MybatisConfiguration.java:128] - addMappedStatement: com.video.media.mapper.MqMessageHistoryMapper.selectList
2023-06-14 19:37:43,956 DEBUG [main][MybatisConfiguration.java:128] - addMappedStatement: com.video.media.mapper.MqMessageHistoryMapper.selectPage
2023-06-14 19:37:43,956 DEBUG [main][MybatisConfiguration.java:128] - addMappedStatement: com.video.media.mapper.MqMessageHistoryMapper.selectPage
2023-06-14 19:37:43,966 DEBUG [main][MybatisConfiguration.java:128] - addMappedStatement: com.video.media.mapper.MqMessageMapper.insert
2023-06-14 19:37:43,966 DEBUG [main][MybatisConfiguration.java:128] - addMappedStatement: com.video.media.mapper.MqMessageMapper.insert
2023-06-14 19:37:43,968 DEBUG [main][MybatisConfiguration.java:128] - addMappedStatement: com.video.media.mapper.MqMessageMapper.delete
2023-06-14 19:37:43,968 DEBUG [main][MybatisConfiguration.java:128] - addMappedStatement: com.video.media.mapper.MqMessageMapper.delete
2023-06-14 19:37:43,970 DEBUG [main][MybatisConfiguration.java:128] - addMappedStatement: com.video.media.mapper.MqMessageMapper.deleteByMap
2023-06-14 19:37:43,970 DEBUG [main][MybatisConfiguration.java:128] - addMappedStatement: com.video.media.mapper.MqMessageMapper.deleteByMap
2023-06-14 19:37:43,971 DEBUG [main][MybatisConfiguration.java:128] - addMappedStatement: com.video.media.mapper.MqMessageMapper.deleteById
2023-06-14 19:37:43,971 DEBUG [main][MybatisConfiguration.java:128] - addMappedStatement: com.video.media.mapper.MqMessageMapper.deleteById
2023-06-14 19:37:43,972 DEBUG [main][MybatisConfiguration.java:128] - addMappedStatement: com.video.media.mapper.MqMessageMapper.deleteBatchIds
2023-06-14 19:37:43,972 DEBUG [main][MybatisConfiguration.java:128] - addMappedStatement: com.video.media.mapper.MqMessageMapper.deleteBatchIds
2023-06-14 19:37:43,974 DEBUG [main][MybatisConfiguration.java:128] - addMappedStatement: com.video.media.mapper.MqMessageMapper.update
2023-06-14 19:37:43,974 DEBUG [main][MybatisConfiguration.java:128] - addMappedStatement: com.video.media.mapper.MqMessageMapper.update
2023-06-14 19:37:43,975 DEBUG [main][MybatisConfiguration.java:128] - addMappedStatement: com.video.media.mapper.MqMessageMapper.updateById
2023-06-14 19:37:43,975 DEBUG [main][MybatisConfiguration.java:128] - addMappedStatement: com.video.media.mapper.MqMessageMapper.updateById
2023-06-14 19:37:43,976 DEBUG [main][MybatisConfiguration.java:128] - addMappedStatement: com.video.media.mapper.MqMessageMapper.selectById
2023-06-14 19:37:43,976 DEBUG [main][MybatisConfiguration.java:128] - addMappedStatement: com.video.media.mapper.MqMessageMapper.selectById
2023-06-14 19:37:43,977 DEBUG [main][MybatisConfiguration.java:128] - addMappedStatement: com.video.media.mapper.MqMessageMapper.selectBatchIds
2023-06-14 19:37:43,977 DEBUG [main][MybatisConfiguration.java:128] - addMappedStatement: com.video.media.mapper.MqMessageMapper.selectBatchIds
2023-06-14 19:37:43,978 DEBUG [main][MybatisConfiguration.java:128] - addMappedStatement: com.video.media.mapper.MqMessageMapper.selectByMap
2023-06-14 19:37:43,978 DEBUG [main][MybatisConfiguration.java:128] - addMappedStatement: com.video.media.mapper.MqMessageMapper.selectByMap
2023-06-14 19:37:43,980 DEBUG [main][MybatisConfiguration.java:128] - addMappedStatement: com.video.media.mapper.MqMessageMapper.selectOne
2023-06-14 19:37:43,980 DEBUG [main][MybatisConfiguration.java:128] - addMappedStatement: com.video.media.mapper.MqMessageMapper.selectOne
2023-06-14 19:37:43,981 DEBUG [main][MybatisConfiguration.java:128] - addMappedStatement: com.video.media.mapper.MqMessageMapper.selectCount
2023-06-14 19:37:43,981 DEBUG [main][MybatisConfiguration.java:128] - addMappedStatement: com.video.media.mapper.MqMessageMapper.selectCount
2023-06-14 19:37:43,984 DEBUG [main][MybatisConfiguration.java:128] - addMappedStatement: com.video.media.mapper.MqMessageMapper.selectMaps
2023-06-14 19:37:43,984 DEBUG [main][MybatisConfiguration.java:128] - addMappedStatement: com.video.media.mapper.MqMessageMapper.selectMaps
2023-06-14 19:37:43,986 DEBUG [main][MybatisConfiguration.java:128] - addMappedStatement: com.video.media.mapper.MqMessageMapper.selectMapsPage
2023-06-14 19:37:43,986 DEBUG [main][MybatisConfiguration.java:128] - addMappedStatement: com.video.media.mapper.MqMessageMapper.selectMapsPage
2023-06-14 19:37:43,988 DEBUG [main][MybatisConfiguration.java:128] - addMappedStatement: com.video.media.mapper.MqMessageMapper.selectObjs
2023-06-14 19:37:43,988 DEBUG [main][MybatisConfiguration.java:128] - addMappedStatement: com.video.media.mapper.MqMessageMapper.selectObjs
2023-06-14 19:37:43,990 DEBUG [main][MybatisConfiguration.java:128] - addMappedStatement: com.video.media.mapper.MqMessageMapper.selectList
2023-06-14 19:37:43,990 DEBUG [main][MybatisConfiguration.java:128] - addMappedStatement: com.video.media.mapper.MqMessageMapper.selectList
2023-06-14 19:37:43,993 DEBUG [main][MybatisConfiguration.java:128] - addMappedStatement: com.video.media.mapper.MqMessageMapper.selectPage
2023-06-14 19:37:43,993 DEBUG [main][MybatisConfiguration.java:128] - addMappedStatement: com.video.media.mapper.MqMessageMapper.selectPage
2023-06-14 19:37:44,028 INFO [main][InitUtils.java:65] - initializer namespace from System Property :null
2023-06-14 19:37:44,028 INFO [main][InitUtils.java:65] - initializer namespace from System Property :null
2023-06-14 19:37:44,029 INFO [main][InitUtils.java:74] - initializer namespace from System Environment :null
2023-06-14 19:37:44,029 INFO [main][InitUtils.java:74] - initializer namespace from System Environment :null
2023-06-14 19:37:44,029 INFO [main][InitUtils.java:84] - initializer namespace from System Property :null
2023-06-14 19:37:44,029 INFO [main][InitUtils.java:84] - initializer namespace from System Property :null
2023-06-14 19:37:44,035 DEBUG [main][NamingProxy.java:195] - server list provided by user: [127.0.0.1:8848]
2023-06-14 19:37:44,035 DEBUG [main][NamingProxy.java:195] - server list provided by user: [127.0.0.1:8848]
2023-06-14 19:37:44,036 DEBUG [com.alibaba.nacos.client.naming.updater][NamingProxy.java:195] - server list provided by user: [127.0.0.1:8848]
2023-06-14 19:37:44,036 DEBUG [com.alibaba.nacos.client.naming.updater][NamingProxy.java:195] - server list provided by user: [127.0.0.1:8848]
2023-06-14 19:37:44,040 DEBUG [com.alibaba.nacos.naming.failover][FailoverReactor.java:147] - failover switch is not found, failover00-00---000-VIPSRV_FAILOVER_SWITCH-000---00-00
2023-06-14 19:37:44,040 DEBUG [com.alibaba.nacos.naming.failover][FailoverReactor.java:147] - failover switch is not found, failover00-00---000-VIPSRV_FAILOVER_SWITCH-000---00-00
2023-06-14 19:37:44,049 DEBUG [main][HostReactor.java:306] - failover-mode: false
2023-06-14 19:37:44,049 DEBUG [main][HostReactor.java:306] - failover-mode: false
2023-06-14 19:37:44,052 DEBUG [main][NacosRestTemplate.java:476] - HTTP method: GET, url: http://127.0.0.1:8848/nacos/v1/ns/instance/list?app=unknown&healthyOnly=false&namespaceId=dev402&clientIP=192.168.122.1&serviceName=xuecheng-plus-project%40%40media-api&udpPort=58847&clusters=DEFAULT, body: {}
2023-06-14 19:37:44,052 DEBUG [main][NacosRestTemplate.java:476] - HTTP method: GET, url: http://127.0.0.1:8848/nacos/v1/ns/instance/list?app=unknown&healthyOnly=false&namespaceId=dev402&clientIP=192.168.122.1&serviceName=xuecheng-plus-project%40%40media-api&udpPort=58847&clusters=DEFAULT, body: {}
2023-06-14 19:37:44,129 INFO [main][HostReactor.java:232] - new ips(1) service: xuecheng-plus-project@@media-api@@DEFAULT -> [{"instanceId":"192.168.1.120#63050#DEFAULT#xuecheng-plus-project@@media-api","ip":"192.168.1.120","port":63050,"weight":1.0,"healthy":true,"enabled":true,"ephemeral":true,"clusterName":"DEFAULT","serviceName":"xuecheng-plus-project@@media-api","metadata":{"preserved.register.source":"SPRING_CLOUD"},"ipDeleteTimeout":30000,"instanceHeartBeatInterval":5000,"instanceHeartBeatTimeOut":15000}]
2023-06-14 19:37:44,129 INFO [main][HostReactor.java:232] - new ips(1) service: xuecheng-plus-project@@media-api@@DEFAULT -> [{"instanceId":"192.168.1.120#63050#DEFAULT#xuecheng-plus-project@@media-api","ip":"192.168.1.120","port":63050,"weight":1.0,"healthy":true,"enabled":true,"ephemeral":true,"clusterName":"DEFAULT","serviceName":"xuecheng-plus-project@@media-api","metadata":{"preserved.register.source":"SPRING_CLOUD"},"ipDeleteTimeout":30000,"instanceHeartBeatInterval":5000,"instanceHeartBeatTimeOut":15000}]
2023-06-14 19:37:44,134 INFO [main][HostReactor.java:271] - current ips:(1) service: xuecheng-plus-project@@media-api@@DEFAULT -> [{"instanceId":"192.168.1.120#63050#DEFAULT#xuecheng-plus-project@@media-api","ip":"192.168.1.120","port":63050,"weight":1.0,"healthy":true,"enabled":true,"ephemeral":true,"clusterName":"DEFAULT","serviceName":"xuecheng-plus-project@@media-api","metadata":{"preserved.register.source":"SPRING_CLOUD"},"ipDeleteTimeout":30000,"instanceHeartBeatInterval":5000,"instanceHeartBeatTimeOut":15000}]
2023-06-14 19:37:44,134 INFO [main][HostReactor.java:271] - current ips:(1) service: xuecheng-plus-project@@media-api@@DEFAULT -> [{"instanceId":"192.168.1.120#63050#DEFAULT#xuecheng-plus-project@@media-api","ip":"192.168.1.120","port":63050,"weight":1.0,"healthy":true,"enabled":true,"ephemeral":true,"clusterName":"DEFAULT","serviceName":"xuecheng-plus-project@@media-api","metadata":{"preserved.register.source":"SPRING_CLOUD"},"ipDeleteTimeout":30000,"instanceHeartBeatInterval":5000,"instanceHeartBeatTimeOut":15000}]
2023-06-14 19:37:44,138 INFO [main][DocumentationPluginsBootstrapper.java:160] - Context refreshed
2023-06-14 19:37:44,138 INFO [main][DocumentationPluginsBootstrapper.java:160] - Context refreshed
2023-06-14 19:37:44,156 INFO [main][DocumentationPluginsBootstrapper.java:163] - Found 1 custom documentation plugin(s)
2023-06-14 19:37:44,156 INFO [main][DocumentationPluginsBootstrapper.java:163] - Found 1 custom documentation plugin(s)
2023-06-14 19:37:44,192 INFO [main][ApiListingReferenceScanner.java:41] - Scanning for api listing references
2023-06-14 19:37:44,192 INFO [main][ApiListingReferenceScanner.java:41] - Scanning for api listing references
2023-06-14 19:37:44,320 INFO [main][StartupInfoLogger.java:61] - Started MediaTest in 8.087 seconds (JVM running for 9.382)
2023-06-14 19:37:44,320 INFO [main][StartupInfoLogger.java:61] - Started MediaTest in 8.087 seconds (JVM running for 9.382)
2023-06-14 19:37:44,324 INFO [main][ClientWorker.java:169] - [fixed-127.0.0.1_8848-dev402] [subscribe] swagger-dev.yaml+xuecheng-plus-common+dev402
2023-06-14 19:37:44,324 INFO [main][ClientWorker.java:169] - [fixed-127.0.0.1_8848-dev402] [subscribe] swagger-dev.yaml+xuecheng-plus-common+dev402
2023-06-14 19:37:44,325 INFO [main][CacheData.java:92] - [fixed-127.0.0.1_8848-dev402] [add-listener] ok, tenant=dev402, dataId=swagger-dev.yaml, group=xuecheng-plus-common, cnt=1
2023-06-14 19:37:44,325 INFO [main][CacheData.java:92] - [fixed-127.0.0.1_8848-dev402] [add-listener] ok, tenant=dev402, dataId=swagger-dev.yaml, group=xuecheng-plus-common, cnt=1
2023-06-14 19:37:44,325 INFO [main][ClientWorker.java:169] - [fixed-127.0.0.1_8848-dev402] [subscribe] media-api.yaml+xuecheng-plus-project+dev402
2023-06-14 19:37:44,325 INFO [main][ClientWorker.java:169] - [fixed-127.0.0.1_8848-dev402] [subscribe] media-api.yaml+xuecheng-plus-project+dev402
2023-06-14 19:37:44,326 INFO [main][CacheData.java:92] - [fixed-127.0.0.1_8848-dev402] [add-listener] ok, tenant=dev402, dataId=media-api.yaml, group=xuecheng-plus-project, cnt=1
2023-06-14 19:37:44,326 INFO [main][CacheData.java:92] - [fixed-127.0.0.1_8848-dev402] [add-listener] ok, tenant=dev402, dataId=media-api.yaml, group=xuecheng-plus-project, cnt=1
2023-06-14 19:37:44,326 INFO [main][ClientWorker.java:169] - [fixed-127.0.0.1_8848-dev402] [subscribe] media-api-dev.yaml+xuecheng-plus-project+dev402
2023-06-14 19:37:44,326 INFO [main][ClientWorker.java:169] - [fixed-127.0.0.1_8848-dev402] [subscribe] media-api-dev.yaml+xuecheng-plus-project+dev402
2023-06-14 19:37:44,326 INFO [main][CacheData.java:92] - [fixed-127.0.0.1_8848-dev402] [add-listener] ok, tenant=dev402, dataId=media-api-dev.yaml, group=xuecheng-plus-project, cnt=1
2023-06-14 19:37:44,326 INFO [main][CacheData.java:92] - [fixed-127.0.0.1_8848-dev402] [add-listener] ok, tenant=dev402, dataId=media-api-dev.yaml, group=xuecheng-plus-project, cnt=1
2023-06-14 19:37:44,327 INFO [main][ClientWorker.java:169] - [fixed-127.0.0.1_8848-dev402] [subscribe] media-service-dev.yaml+xuecheng-plus-project+dev402
2023-06-14 19:37:44,327 INFO [main][ClientWorker.java:169] - [fixed-127.0.0.1_8848-dev402] [subscribe] media-service-dev.yaml+xuecheng-plus-project+dev402
2023-06-14 19:37:44,327 INFO [main][CacheData.java:92] - [fixed-127.0.0.1_8848-dev402] [add-listener] ok, tenant=dev402, dataId=media-service-dev.yaml, group=xuecheng-plus-project, cnt=1
2023-06-14 19:37:44,327 INFO [main][CacheData.java:92] - [fixed-127.0.0.1_8848-dev402] [add-listener] ok, tenant=dev402, dataId=media-service-dev.yaml, group=xuecheng-plus-project, cnt=1
2023-06-14 19:37:44,328 INFO [main][ClientWorker.java:169] - [fixed-127.0.0.1_8848-dev402] [subscribe] logging-dev.yaml+xuecheng-plus-common+dev402
2023-06-14 19:37:44,328 INFO [main][ClientWorker.java:169] - [fixed-127.0.0.1_8848-dev402] [subscribe] logging-dev.yaml+xuecheng-plus-common+dev402
2023-06-14 19:37:44,328 INFO [main][CacheData.java:92] - [fixed-127.0.0.1_8848-dev402] [add-listener] ok, tenant=dev402, dataId=logging-dev.yaml, group=xuecheng-plus-common, cnt=1
2023-06-14 19:37:44,328 INFO [main][CacheData.java:92] - [fixed-127.0.0.1_8848-dev402] [add-listener] ok, tenant=dev402, dataId=logging-dev.yaml, group=xuecheng-plus-common, cnt=1
2023-06-14 19:37:44,328 INFO [main][ClientWorker.java:169] - [fixed-127.0.0.1_8848-dev402] [subscribe] media-api+xuecheng-plus-project+dev402
2023-06-14 19:37:44,328 INFO [main][ClientWorker.java:169] - [fixed-127.0.0.1_8848-dev402] [subscribe] media-api+xuecheng-plus-project+dev402
2023-06-14 19:37:44,328 INFO [main][CacheData.java:92] - [fixed-127.0.0.1_8848-dev402] [add-listener] ok, tenant=dev402, dataId=media-api, group=xuecheng-plus-project, cnt=1
2023-06-14 19:37:44,328 INFO [main][CacheData.java:92] - [fixed-127.0.0.1_8848-dev402] [add-listener] ok, tenant=dev402, dataId=media-api, group=xuecheng-plus-project, cnt=1
2023-06-14 19:37:44,338 DEBUG [com.alibaba.nacos.client.Worker.longPolling.fixed-127.0.0.1_8848-dev402][NacosRestTemplate.java:476] - HTTP method: POST, url: http://127.0.0.1:8848/nacos/v1/cs/configs/listener, body: {Listening-Configs=swagger-dev.yamlxuecheng-plus-common9235f4696de0077e19e35f022d051e8cdev402media-api-dev.yamlxuecheng-plus-project7e41197fdbb4b6bd1194ae292af19ff8dev402media-api.yamlxuecheng-plus-projectdev402media-apixuecheng-plus-projectdev402logging-dev.yamlxuecheng-plus-common93db0af0040302ef8aeb4b6f50616937dev402media-service-dev.yamlxuecheng-plus-projecteb447d7ae959d1d34d1203f255a865b8dev402, tenant=dev402}
2023-06-14 19:37:44,338 DEBUG [com.alibaba.nacos.client.Worker.longPolling.fixed-127.0.0.1_8848-dev402][NacosRestTemplate.java:476] - HTTP method: POST, url: http://127.0.0.1:8848/nacos/v1/cs/configs/listener, body: {Listening-Configs=swagger-dev.yamlxuecheng-plus-common9235f4696de0077e19e35f022d051e8cdev402media-api-dev.yamlxuecheng-plus-project7e41197fdbb4b6bd1194ae292af19ff8dev402media-api.yamlxuecheng-plus-projectdev402media-apixuecheng-plus-projectdev402logging-dev.yamlxuecheng-plus-common93db0af0040302ef8aeb4b6f50616937dev402media-service-dev.yamlxuecheng-plus-projecteb447d7ae959d1d34d1203f255a865b8dev402, tenant=dev402}
2023-06-14 19:37:44,339 DEBUG [com.alibaba.nacos.client.Worker.longPolling.fixed-127.0.0.1_8848-dev402][NacosRestTemplate.java:494] - Execute via interceptors :[com.alibaba.nacos.client.config.impl.ConfigHttpClientManager$LimiterHttpClientRequestInterceptor@4d65809c]
2023-06-14 19:37:44,339 DEBUG [com.alibaba.nacos.client.Worker.longPolling.fixed-127.0.0.1_8848-dev402][NacosRestTemplate.java:494] - Execute via interceptors :[com.alibaba.nacos.client.config.impl.ConfigHttpClientManager$LimiterHttpClientRequestInterceptor@4d65809c]
2023-06-14 19:37:44,343 DEBUG [com.alibaba.nacos.client.Worker.longPolling.fixed-127.0.0.1_8848-dev402][NacosRestTemplate.java:476] - HTTP method: POST, url: http://127.0.0.1:8848/nacos/v1/cs/configs/listener, body: {Listening-Configs=swagger-dev.yamlxuecheng-plus-common9235f4696de0077e19e35f022d051e8cdev402media-api-dev.yamlxuecheng-plus-project7e41197fdbb4b6bd1194ae292af19ff8dev402media-api.yamlxuecheng-plus-projectdev402media-apixuecheng-plus-projectdev402logging-dev.yamlxuecheng-plus-common93db0af0040302ef8aeb4b6f50616937dev402media-service-dev.yamlxuecheng-plus-projecteb447d7ae959d1d34d1203f255a865b8dev402, tenant=dev402}
2023-06-14 19:37:44,343 DEBUG [com.alibaba.nacos.client.Worker.longPolling.fixed-127.0.0.1_8848-dev402][NacosRestTemplate.java:476] - HTTP method: POST, url: http://127.0.0.1:8848/nacos/v1/cs/configs/listener, body: {Listening-Configs=swagger-dev.yamlxuecheng-plus-common9235f4696de0077e19e35f022d051e8cdev402media-api-dev.yamlxuecheng-plus-project7e41197fdbb4b6bd1194ae292af19ff8dev402media-api.yamlxuecheng-plus-projectdev402media-apixuecheng-plus-projectdev402logging-dev.yamlxuecheng-plus-common93db0af0040302ef8aeb4b6f50616937dev402media-service-dev.yamlxuecheng-plus-projecteb447d7ae959d1d34d1203f255a865b8dev402, tenant=dev402}
2023-06-14 19:37:44,343 DEBUG [com.alibaba.nacos.client.Worker.longPolling.fixed-127.0.0.1_8848-dev402][NacosRestTemplate.java:494] - Execute via interceptors :[com.alibaba.nacos.client.config.impl.ConfigHttpClientManager$LimiterHttpClientRequestInterceptor@4d65809c]
2023-06-14 19:37:44,343 DEBUG [com.alibaba.nacos.client.Worker.longPolling.fixed-127.0.0.1_8848-dev402][NacosRestTemplate.java:494] - Execute via interceptors :[com.alibaba.nacos.client.config.impl.ConfigHttpClientManager$LimiterHttpClientRequestInterceptor@4d65809c]
2023-06-14 19:37:44,533 WARN [Thread-2][HttpClientBeanHolder.java:108] - [HttpClientBeanHolder] Start destroying common HttpClient
2023-06-14 19:37:44,533 WARN [Thread-13][NotifyCenter.java:145] - [NotifyCenter] Start destroying Publisher
2023-06-14 19:37:44,533 WARN [Thread-2][HttpClientBeanHolder.java:108] - [HttpClientBeanHolder] Start destroying common HttpClient
2023-06-14 19:37:44,533 WARN [Thread-13][NotifyCenter.java:145] - [NotifyCenter] Start destroying Publisher
2023-06-14 19:37:44,533 WARN [Thread-13][NotifyCenter.java:162] - [NotifyCenter] Destruction of the end
2023-06-14 19:37:44,533 WARN [Thread-13][NotifyCenter.java:162] - [NotifyCenter] Destruction of the end
2023-06-14 19:37:44,534 WARN [Thread-2][HttpClientBeanHolder.java:114] - [HttpClientBeanHolder] Destruction of the end
2023-06-14 19:37:44,534 WARN [Thread-2][HttpClientBeanHolder.java:114] - [HttpClientBeanHolder] Destruction of the end
2023-06-14 19:37:44,535 INFO [SpringContextShutdownHook][ExecutorConfigurationSupport.java:218] - Shutting down ExecutorService 'Nacos-Watch-Task-Scheduler'
2023-06-14 19:37:44,535 INFO [SpringContextShutdownHook][ExecutorConfigurationSupport.java:218] - Shutting down ExecutorService 'Nacos-Watch-Task-Scheduler'
2023-06-14 19:37:44,536 INFO [SpringContextShutdownHook][BeatReactor.java:147] - com.alibaba.nacos.client.naming.beat.BeatReactor do shutdown begin
2023-06-14 19:37:44,536 INFO [SpringContextShutdownHook][BeatReactor.java:147] - com.alibaba.nacos.client.naming.beat.BeatReactor do shutdown begin
2023-06-14 19:37:44,536 INFO [SpringContextShutdownHook][BeatReactor.java:149] - com.alibaba.nacos.client.naming.beat.BeatReactor do shutdown stop
2023-06-14 19:37:44,536 INFO [SpringContextShutdownHook][BeatReactor.java:149] - com.alibaba.nacos.client.naming.beat.BeatReactor do shutdown stop
2023-06-14 19:37:44,536 INFO [SpringContextShutdownHook][HostReactor.java:413] - com.alibaba.nacos.client.naming.core.HostReactor do shutdown begin
2023-06-14 19:37:44,536 INFO [SpringContextShutdownHook][HostReactor.java:413] - com.alibaba.nacos.client.naming.core.HostReactor do shutdown begin
2023-06-14 19:37:45,145 DEBUG [com.alibaba.nacos.client.naming.updater][NacosRestTemplate.java:476] - HTTP method: GET, url: http://127.0.0.1:8848/nacos/v1/ns/instance/list?app=unknown&healthyOnly=false&namespaceId=dev402&clientIP=192.168.122.1&serviceName=xuecheng-plus-project%40%40media-api&udpPort=58847&clusters=DEFAULT, body: {}
2023-06-14 19:37:45,145 DEBUG [com.alibaba.nacos.client.naming.updater][NacosRestTemplate.java:476] - HTTP method: GET, url: http://127.0.0.1:8848/nacos/v1/ns/instance/list?app=unknown&healthyOnly=false&namespaceId=dev402&clientIP=192.168.122.1&serviceName=xuecheng-plus-project%40%40media-api&udpPort=58847&clusters=DEFAULT, body: {}
2023-06-14 19:37:45,148 INFO [SpringContextShutdownHook][PushReceiver.java:132] - com.alibaba.nacos.client.naming.core.PushReceiver do shutdown begin
2023-06-14 19:37:45,148 INFO [SpringContextShutdownHook][PushReceiver.java:132] - com.alibaba.nacos.client.naming.core.PushReceiver do shutdown begin
2023-06-14 19:37:48,165 INFO [SpringContextShutdownHook][PushReceiver.java:136] - com.alibaba.nacos.client.naming.core.PushReceiver do shutdown stop
2023-06-14 19:37:48,165 INFO [SpringContextShutdownHook][PushReceiver.java:136] - com.alibaba.nacos.client.naming.core.PushReceiver do shutdown stop
2023-06-14 19:37:48,165 INFO [SpringContextShutdownHook][FailoverReactor.java:132] - com.alibaba.nacos.client.naming.backups.FailoverReactor do shutdown begin
2023-06-14 19:37:48,165 INFO [SpringContextShutdownHook][FailoverReactor.java:132] - com.alibaba.nacos.client.naming.backups.FailoverReactor do shutdown begin
2023-06-14 19:37:51,194 INFO [SpringContextShutdownHook][FailoverReactor.java:134] - com.alibaba.nacos.client.naming.backups.FailoverReactor do shutdown stop
2023-06-14 19:37:51,194 INFO [SpringContextShutdownHook][FailoverReactor.java:134] - com.alibaba.nacos.client.naming.backups.FailoverReactor do shutdown stop
2023-06-14 19:37:51,194 INFO [SpringContextShutdownHook][HostReactor.java:418] - com.alibaba.nacos.client.naming.core.HostReactor do shutdown stop
2023-06-14 19:37:51,194 INFO [SpringContextShutdownHook][HostReactor.java:418] - com.alibaba.nacos.client.naming.core.HostReactor do shutdown stop
2023-06-14 19:37:51,194 INFO [SpringContextShutdownHook][NamingProxy.java:719] - com.alibaba.nacos.client.naming.net.NamingProxy do shutdown begin
2023-06-14 19:37:51,194 INFO [SpringContextShutdownHook][NamingProxy.java:719] - com.alibaba.nacos.client.naming.net.NamingProxy do shutdown begin
2023-06-14 19:37:51,195 WARN [SpringContextShutdownHook][NamingHttpClientManager.java:72] - [NamingHttpClientManager] Start destroying NacosRestTemplate
2023-06-14 19:37:51,195 WARN [SpringContextShutdownHook][NamingHttpClientManager.java:72] - [NamingHttpClientManager] Start destroying NacosRestTemplate
2023-06-14 19:37:51,195 WARN [SpringContextShutdownHook][NamingHttpClientManager.java:79] - [NamingHttpClientManager] Destruction of the end
2023-06-14 19:37:51,195 WARN [SpringContextShutdownHook][NamingHttpClientManager.java:79] - [NamingHttpClientManager] Destruction of the end
2023-06-14 19:37:51,195 INFO [SpringContextShutdownHook][CredentialWatcher.java:105] - [null] CredentialWatcher is stopped
2023-06-14 19:37:51,195 INFO [SpringContextShutdownHook][CredentialWatcher.java:105] - [null] CredentialWatcher is stopped
2023-06-14 19:37:51,195 INFO [SpringContextShutdownHook][CredentialService.java:98] - [null] CredentialService is freed
2023-06-14 19:37:51,195 INFO [SpringContextShutdownHook][CredentialService.java:98] - [null] CredentialService is freed
2023-06-14 19:37:51,195 INFO [SpringContextShutdownHook][NamingProxy.java:723] - com.alibaba.nacos.client.naming.net.NamingProxy do shutdown stop
2023-06-14 19:37:51,195 INFO [SpringContextShutdownHook][NamingProxy.java:723] - com.alibaba.nacos.client.naming.net.NamingProxy do shutdown stop
2023-06-14 19:37:51,196 INFO [SpringContextShutdownHook][ExecutorConfigurationSupport.java:218] - Shutting down ExecutorService 'applicationTaskExecutor'
2023-06-14 19:37:51,196 INFO [SpringContextShutdownHook][ExecutorConfigurationSupport.java:218] - Shutting down ExecutorService 'applicationTaskExecutor'
