2023-05-23 23:13:51,061 DEBUG [background-preinit][LoggerProviders.java:152] - Logging Provider: org.jboss.logging.Log4j2LoggerProvider
2023-05-23 23:13:51,061 DEBUG [background-preinit][LoggerProviders.java:152] - Logging Provider: org.jboss.logging.Log4j2LoggerProvider
2023-05-23 23:13:51,071 INFO [background-preinit][Version.java:21] - HV000001: Hibernate Validator 6.1.6.Final
2023-05-23 23:13:51,071 INFO [background-preinit][Version.java:21] - HV000001: Hibernate Validator 6.1.6.Final
2023-05-23 23:13:51,080 DEBUG [background-preinit][ValidationXmlParser.java:120] - Trying to load META-INF/validation.xml for XML based Validator configuration.
2023-05-23 23:13:51,080 DEBUG [background-preinit][ValidationXmlParser.java:120] - Trying to load META-INF/validation.xml for XML based Validator configuration.
2023-05-23 23:13:51,082 DEBUG [background-preinit][ResourceLoaderHelper.java:60] - Trying to load META-INF/validation.xml via TCCL
2023-05-23 23:13:51,082 DEBUG [background-preinit][ResourceLoaderHelper.java:60] - Trying to load META-INF/validation.xml via TCCL
2023-05-23 23:13:51,083 DEBUG [background-preinit][ResourceLoaderHelper.java:66] - Trying to load META-INF/validation.xml via Hibernate Validator's class loader
2023-05-23 23:13:51,083 DEBUG [background-preinit][ResourceLoaderHelper.java:66] - Trying to load META-INF/validation.xml via Hibernate Validator's class loader
2023-05-23 23:13:51,083 DEBUG [background-preinit][ValidationXmlParser.java:127] - No META-INF/validation.xml found. Using annotation based configuration only.
2023-05-23 23:13:51,083 DEBUG [background-preinit][ValidationXmlParser.java:127] - No META-INF/validation.xml found. Using annotation based configuration only.
2023-05-23 23:13:51,088 DEBUG [background-preinit][TraversableResolvers.java:60] - Cannot find javax.persistence.Persistence on classpath. Assuming non JPA 2 environment. All properties will per default be traversable.
2023-05-23 23:13:51,088 DEBUG [background-preinit][TraversableResolvers.java:60] - Cannot find javax.persistence.Persistence on classpath. Assuming non JPA 2 environment. All properties will per default be traversable.
2023-05-23 23:13:51,120 DEBUG [background-preinit][ResourceBundleMessageInterpolator.java:172] - Loaded expression factory via original TCCL
2023-05-23 23:13:51,120 DEBUG [background-preinit][ResourceBundleMessageInterpolator.java:172] - Loaded expression factory via original TCCL
2023-05-23 23:13:51,274 DEBUG [background-preinit][ValidatorFactoryConfigurationHelper.java:300] - HV000252: Using org.hibernate.validator.internal.engine.DefaultPropertyNodeNameProvider as property node name provider.
2023-05-23 23:13:51,274 DEBUG [background-preinit][ValidatorFactoryConfigurationHelper.java:300] - HV000252: Using org.hibernate.validator.internal.engine.DefaultPropertyNodeNameProvider as property node name provider.
2023-05-23 23:13:51,282 DEBUG [background-preinit][ValidatorFactoryConfigurationHelper.java:375] - HV000234: Using org.hibernate.validator.messageinterpolation.ResourceBundleMessageInterpolator as ValidatorFactory-scoped message interpolator.
2023-05-23 23:13:51,282 DEBUG [background-preinit][ValidatorFactoryConfigurationHelper.java:375] - HV000234: Using org.hibernate.validator.messageinterpolation.ResourceBundleMessageInterpolator as ValidatorFactory-scoped message interpolator.
2023-05-23 23:13:51,283 DEBUG [background-preinit][ValidatorFactoryConfigurationHelper.java:376] - HV000234: Using org.hibernate.validator.internal.engine.resolver.TraverseAllTraversableResolver as ValidatorFactory-scoped traversable resolver.
2023-05-23 23:13:51,283 DEBUG [background-preinit][ValidatorFactoryConfigurationHelper.java:376] - HV000234: Using org.hibernate.validator.internal.engine.resolver.TraverseAllTraversableResolver as ValidatorFactory-scoped traversable resolver.
2023-05-23 23:13:51,283 DEBUG [background-preinit][ValidatorFactoryConfigurationHelper.java:377] - HV000234: Using org.hibernate.validator.internal.util.ExecutableParameterNameProvider as ValidatorFactory-scoped parameter name provider.
2023-05-23 23:13:51,283 DEBUG [background-preinit][ValidatorFactoryConfigurationHelper.java:377] - HV000234: Using org.hibernate.validator.internal.util.ExecutableParameterNameProvider as ValidatorFactory-scoped parameter name provider.
2023-05-23 23:13:51,283 DEBUG [background-preinit][ValidatorFactoryConfigurationHelper.java:378] - HV000234: Using org.hibernate.validator.internal.engine.DefaultClockProvider as ValidatorFactory-scoped clock provider.
2023-05-23 23:13:51,283 DEBUG [background-preinit][ValidatorFactoryConfigurationHelper.java:379] - HV000234: Using org.hibernate.validator.internal.engine.scripting.DefaultScriptEvaluatorFactory as ValidatorFactory-scoped script evaluator factory.
2023-05-23 23:13:51,283 DEBUG [background-preinit][ValidatorFactoryConfigurationHelper.java:378] - HV000234: Using org.hibernate.validator.internal.engine.DefaultClockProvider as ValidatorFactory-scoped clock provider.
2023-05-23 23:13:51,283 DEBUG [background-preinit][ValidatorFactoryConfigurationHelper.java:379] - HV000234: Using org.hibernate.validator.internal.engine.scripting.DefaultScriptEvaluatorFactory as ValidatorFactory-scoped script evaluator factory.
2023-05-23 23:13:51,627 INFO [main][SpringApplication.java:651] - No active profile set, falling back to default profiles: default
2023-05-23 23:13:51,627 INFO [main][SpringApplication.java:651] - No active profile set, falling back to default profiles: default
2023-05-23 23:13:52,390 DEBUG [main][LogFactory.java:105] - Logging initialized using 'class org.apache.ibatis.logging.slf4j.Slf4jImpl' adapter.
2023-05-23 23:13:52,390 DEBUG [main][LogFactory.java:105] - Logging initialized using 'class org.apache.ibatis.logging.slf4j.Slf4jImpl' adapter.
2023-05-23 23:13:52,471 INFO [main][GenericScope.java:295] - BeanFactory id=2d877e5f-a87d-3924-8f98-40864263c00a
2023-05-23 23:13:52,471 INFO [main][GenericScope.java:295] - BeanFactory id=2d877e5f-a87d-3924-8f98-40864263c00a
2023-05-23 23:13:53,435 INFO [main][PropertySourcedRequestMappingHandlerMapping.java:69] - Mapped URL path [/v2/api-docs] onto method [springfox.documentation.swagger2.web.Swagger2Controller#getDocumentation(String, HttpServletRequest)]
2023-05-23 23:13:53,435 INFO [main][PropertySourcedRequestMappingHandlerMapping.java:69] - Mapped URL path [/v2/api-docs] onto method [springfox.documentation.swagger2.web.Swagger2Controller#getDocumentation(String, HttpServletRequest)]
2023-05-23 23:13:53,695 DEBUG [main][ResourceBundleMessageInterpolator.java:172] - Loaded expression factory via original TCCL
2023-05-23 23:13:53,695 DEBUG [main][ResourceBundleMessageInterpolator.java:172] - Loaded expression factory via original TCCL
2023-05-23 23:13:53,706 DEBUG [main][AbstractConfigurationImpl.java:171] - Setting custom MessageInterpolator of type org.springframework.validation.beanvalidation.LocaleContextMessageInterpolator
2023-05-23 23:13:53,706 DEBUG [main][AbstractConfigurationImpl.java:171] - Setting custom MessageInterpolator of type org.springframework.validation.beanvalidation.LocaleContextMessageInterpolator
2023-05-23 23:13:53,707 DEBUG [main][AbstractConfigurationImpl.java:203] - Setting custom ConstraintValidatorFactory of type org.springframework.validation.beanvalidation.SpringConstraintValidatorFactory
2023-05-23 23:13:53,707 DEBUG [main][AbstractConfigurationImpl.java:203] - Setting custom ConstraintValidatorFactory of type org.springframework.validation.beanvalidation.SpringConstraintValidatorFactory
2023-05-23 23:13:53,708 DEBUG [main][AbstractConfigurationImpl.java:217] - Setting custom ParameterNameProvider of type org.springframework.validation.beanvalidation.LocalValidatorFactoryBean$1
2023-05-23 23:13:53,708 DEBUG [main][AbstractConfigurationImpl.java:217] - Setting custom ParameterNameProvider of type org.springframework.validation.beanvalidation.LocalValidatorFactoryBean$1
2023-05-23 23:13:53,710 DEBUG [main][ValidationXmlParser.java:120] - Trying to load META-INF/validation.xml for XML based Validator configuration.
2023-05-23 23:13:53,710 DEBUG [main][ValidationXmlParser.java:120] - Trying to load META-INF/validation.xml for XML based Validator configuration.
2023-05-23 23:13:53,710 DEBUG [main][ResourceLoaderHelper.java:53] - Trying to load META-INF/validation.xml via user class loader
2023-05-23 23:13:53,710 DEBUG [main][ResourceLoaderHelper.java:53] - Trying to load META-INF/validation.xml via user class loader
2023-05-23 23:13:53,711 DEBUG [main][ResourceLoaderHelper.java:60] - Trying to load META-INF/validation.xml via TCCL
2023-05-23 23:13:53,711 DEBUG [main][ResourceLoaderHelper.java:60] - Trying to load META-INF/validation.xml via TCCL
2023-05-23 23:13:53,712 DEBUG [main][ResourceLoaderHelper.java:66] - Trying to load META-INF/validation.xml via Hibernate Validator's class loader
2023-05-23 23:13:53,712 DEBUG [main][ResourceLoaderHelper.java:66] - Trying to load META-INF/validation.xml via Hibernate Validator's class loader
2023-05-23 23:13:53,713 DEBUG [main][ValidationXmlParser.java:127] - No META-INF/validation.xml found. Using annotation based configuration only.
2023-05-23 23:13:53,713 DEBUG [main][ValidationXmlParser.java:127] - No META-INF/validation.xml found. Using annotation based configuration only.
2023-05-23 23:13:53,716 DEBUG [main][TraversableResolvers.java:60] - Cannot find javax.persistence.Persistence on classpath. Assuming non JPA 2 environment. All properties will per default be traversable.
2023-05-23 23:13:53,716 DEBUG [main][TraversableResolvers.java:60] - Cannot find javax.persistence.Persistence on classpath. Assuming non JPA 2 environment. All properties will per default be traversable.
2023-05-23 23:13:53,718 DEBUG [main][ValidatorFactoryConfigurationHelper.java:300] - HV000252: Using org.hibernate.validator.internal.engine.DefaultPropertyNodeNameProvider as property node name provider.
2023-05-23 23:13:53,718 DEBUG [main][ValidatorFactoryConfigurationHelper.java:300] - HV000252: Using org.hibernate.validator.internal.engine.DefaultPropertyNodeNameProvider as property node name provider.
2023-05-23 23:13:53,719 DEBUG [main][ValidatorFactoryConfigurationHelper.java:375] - HV000234: Using org.springframework.validation.beanvalidation.LocaleContextMessageInterpolator as ValidatorFactory-scoped message interpolator.
2023-05-23 23:13:53,719 DEBUG [main][ValidatorFactoryConfigurationHelper.java:375] - HV000234: Using org.springframework.validation.beanvalidation.LocaleContextMessageInterpolator as ValidatorFactory-scoped message interpolator.
2023-05-23 23:13:53,719 DEBUG [main][ValidatorFactoryConfigurationHelper.java:376] - HV000234: Using org.hibernate.validator.internal.engine.resolver.TraverseAllTraversableResolver as ValidatorFactory-scoped traversable resolver.
2023-05-23 23:13:53,719 DEBUG [main][ValidatorFactoryConfigurationHelper.java:376] - HV000234: Using org.hibernate.validator.internal.engine.resolver.TraverseAllTraversableResolver as ValidatorFactory-scoped traversable resolver.
2023-05-23 23:13:53,720 DEBUG [main][ValidatorFactoryConfigurationHelper.java:377] - HV000234: Using org.hibernate.validator.internal.util.ExecutableParameterNameProvider as ValidatorFactory-scoped parameter name provider.
2023-05-23 23:13:53,720 DEBUG [main][ValidatorFactoryConfigurationHelper.java:377] - HV000234: Using org.hibernate.validator.internal.util.ExecutableParameterNameProvider as ValidatorFactory-scoped parameter name provider.
2023-05-23 23:13:53,720 DEBUG [main][ValidatorFactoryConfigurationHelper.java:378] - HV000234: Using org.hibernate.validator.internal.engine.DefaultClockProvider as ValidatorFactory-scoped clock provider.
2023-05-23 23:13:53,720 DEBUG [main][ValidatorFactoryConfigurationHelper.java:378] - HV000234: Using org.hibernate.validator.internal.engine.DefaultClockProvider as ValidatorFactory-scoped clock provider.
2023-05-23 23:13:53,720 DEBUG [main][ValidatorFactoryConfigurationHelper.java:379] - HV000234: Using org.hibernate.validator.internal.engine.scripting.DefaultScriptEvaluatorFactory as ValidatorFactory-scoped script evaluator factory.
2023-05-23 23:13:53,720 DEBUG [main][ValidatorFactoryConfigurationHelper.java:379] - HV000234: Using org.hibernate.validator.internal.engine.scripting.DefaultScriptEvaluatorFactory as ValidatorFactory-scoped script evaluator factory.
2023-05-23 23:13:53,909 INFO [main][ExecutorConfigurationSupport.java:181] - Initializing ExecutorService 'applicationTaskExecutor'
2023-05-23 23:13:53,909 INFO [main][ExecutorConfigurationSupport.java:181] - Initializing ExecutorService 'applicationTaskExecutor'
2023-05-23 23:13:54,239 DEBUG [main][HikariConfig.java:946] - Driver class com.mysql.jdbc.Driver found in Thread context class loader sun.misc.Launcher$AppClassLoader@18b4aac2
2023-05-23 23:13:54,239 DEBUG [main][HikariConfig.java:946] - Driver class com.mysql.jdbc.Driver found in Thread context class loader sun.misc.Launcher$AppClassLoader@18b4aac2
2023-05-23 23:13:54,370 DEBUG [main][Logger.java:49] - Registered plugin: 'com.baomidou.mybatisplus.extension.plugins.MybatisPlusInterceptor@286855ea'
2023-05-23 23:13:54,370 DEBUG [main][Logger.java:49] - Registered plugin: 'com.baomidou.mybatisplus.extension.plugins.MybatisPlusInterceptor@286855ea'
2023-05-23 23:13:54,372 DEBUG [main][Logger.java:49] - Property 'mapperLocations' was not specified.
2023-05-23 23:13:54,372 DEBUG [main][Logger.java:49] - Property 'mapperLocations' was not specified.
2023-05-23 23:13:55,628 DEBUG [main][MybatisConfiguration.java:128] - addMappedStatement: com.video.content.mapper.CourseBaseMapper.insert
2023-05-23 23:13:55,628 DEBUG [main][MybatisConfiguration.java:128] - addMappedStatement: com.video.content.mapper.CourseBaseMapper.insert
2023-05-23 23:13:55,635 DEBUG [main][MybatisConfiguration.java:128] - addMappedStatement: com.video.content.mapper.CourseBaseMapper.delete
2023-05-23 23:13:55,635 DEBUG [main][MybatisConfiguration.java:128] - addMappedStatement: com.video.content.mapper.CourseBaseMapper.delete
2023-05-23 23:13:55,639 DEBUG [main][MybatisConfiguration.java:128] - addMappedStatement: com.video.content.mapper.CourseBaseMapper.deleteByMap
2023-05-23 23:13:55,639 DEBUG [main][MybatisConfiguration.java:128] - addMappedStatement: com.video.content.mapper.CourseBaseMapper.deleteByMap
2023-05-23 23:13:55,674 DEBUG [main][MybatisConfiguration.java:128] - addMappedStatement: com.video.content.mapper.CourseBaseMapper.deleteById
2023-05-23 23:13:55,674 DEBUG [main][MybatisConfiguration.java:128] - addMappedStatement: com.video.content.mapper.CourseBaseMapper.deleteById
2023-05-23 23:13:55,676 DEBUG [main][MybatisConfiguration.java:128] - addMappedStatement: com.video.content.mapper.CourseBaseMapper.deleteBatchIds
2023-05-23 23:13:55,676 DEBUG [main][MybatisConfiguration.java:128] - addMappedStatement: com.video.content.mapper.CourseBaseMapper.deleteBatchIds
2023-05-23 23:13:55,681 DEBUG [main][MybatisConfiguration.java:128] - addMappedStatement: com.video.content.mapper.CourseBaseMapper.update
2023-05-23 23:13:55,681 DEBUG [main][MybatisConfiguration.java:128] - addMappedStatement: com.video.content.mapper.CourseBaseMapper.update
2023-05-23 23:13:55,683 DEBUG [main][MybatisConfiguration.java:128] - addMappedStatement: com.video.content.mapper.CourseBaseMapper.updateById
2023-05-23 23:13:55,683 DEBUG [main][MybatisConfiguration.java:128] - addMappedStatement: com.video.content.mapper.CourseBaseMapper.updateById
2023-05-23 23:13:55,684 DEBUG [main][MybatisConfiguration.java:128] - addMappedStatement: com.video.content.mapper.CourseBaseMapper.selectById
2023-05-23 23:13:55,684 DEBUG [main][MybatisConfiguration.java:128] - addMappedStatement: com.video.content.mapper.CourseBaseMapper.selectById
2023-05-23 23:13:55,685 DEBUG [main][MybatisConfiguration.java:128] - addMappedStatement: com.video.content.mapper.CourseBaseMapper.selectBatchIds
2023-05-23 23:13:55,685 DEBUG [main][MybatisConfiguration.java:128] - addMappedStatement: com.video.content.mapper.CourseBaseMapper.selectBatchIds
2023-05-23 23:13:55,687 DEBUG [main][MybatisConfiguration.java:128] - addMappedStatement: com.video.content.mapper.CourseBaseMapper.selectByMap
2023-05-23 23:13:55,687 DEBUG [main][MybatisConfiguration.java:128] - addMappedStatement: com.video.content.mapper.CourseBaseMapper.selectByMap
2023-05-23 23:13:55,690 DEBUG [main][MybatisConfiguration.java:128] - addMappedStatement: com.video.content.mapper.CourseBaseMapper.selectOne
2023-05-23 23:13:55,690 DEBUG [main][MybatisConfiguration.java:128] - addMappedStatement: com.video.content.mapper.CourseBaseMapper.selectOne
2023-05-23 23:13:55,692 DEBUG [main][MybatisConfiguration.java:128] - addMappedStatement: com.video.content.mapper.CourseBaseMapper.selectCount
2023-05-23 23:13:55,692 DEBUG [main][MybatisConfiguration.java:128] - addMappedStatement: com.video.content.mapper.CourseBaseMapper.selectCount
2023-05-23 23:13:55,696 DEBUG [main][MybatisConfiguration.java:128] - addMappedStatement: com.video.content.mapper.CourseBaseMapper.selectMaps
2023-05-23 23:13:55,696 DEBUG [main][MybatisConfiguration.java:128] - addMappedStatement: com.video.content.mapper.CourseBaseMapper.selectMaps
2023-05-23 23:13:55,698 DEBUG [main][MybatisConfiguration.java:128] - addMappedStatement: com.video.content.mapper.CourseBaseMapper.selectMapsPage
2023-05-23 23:13:55,698 DEBUG [main][MybatisConfiguration.java:128] - addMappedStatement: com.video.content.mapper.CourseBaseMapper.selectMapsPage
2023-05-23 23:13:55,701 DEBUG [main][MybatisConfiguration.java:128] - addMappedStatement: com.video.content.mapper.CourseBaseMapper.selectObjs
2023-05-23 23:13:55,701 DEBUG [main][MybatisConfiguration.java:128] - addMappedStatement: com.video.content.mapper.CourseBaseMapper.selectObjs
2023-05-23 23:13:55,704 DEBUG [main][MybatisConfiguration.java:128] - addMappedStatement: com.video.content.mapper.CourseBaseMapper.selectList
2023-05-23 23:13:55,704 DEBUG [main][MybatisConfiguration.java:128] - addMappedStatement: com.video.content.mapper.CourseBaseMapper.selectList
2023-05-23 23:13:55,706 DEBUG [main][MybatisConfiguration.java:128] - addMappedStatement: com.video.content.mapper.CourseBaseMapper.selectPage
2023-05-23 23:13:55,706 DEBUG [main][MybatisConfiguration.java:128] - addMappedStatement: com.video.content.mapper.CourseBaseMapper.selectPage
2023-05-23 23:13:55,711 DEBUG [main][MybatisConfiguration.java:128] - addMappedStatement: com.video.content.mapper.CourseCategoryMapper.insert
2023-05-23 23:13:55,711 DEBUG [main][MybatisConfiguration.java:128] - addMappedStatement: com.video.content.mapper.CourseCategoryMapper.insert
2023-05-23 23:13:55,713 DEBUG [main][MybatisConfiguration.java:128] - addMappedStatement: com.video.content.mapper.CourseCategoryMapper.delete
2023-05-23 23:13:55,713 DEBUG [main][MybatisConfiguration.java:128] - addMappedStatement: com.video.content.mapper.CourseCategoryMapper.delete
2023-05-23 23:13:55,715 DEBUG [main][MybatisConfiguration.java:128] - addMappedStatement: com.video.content.mapper.CourseCategoryMapper.deleteByMap
2023-05-23 23:13:55,715 DEBUG [main][MybatisConfiguration.java:128] - addMappedStatement: com.video.content.mapper.CourseCategoryMapper.deleteByMap
2023-05-23 23:13:55,716 DEBUG [main][MybatisConfiguration.java:128] - addMappedStatement: com.video.content.mapper.CourseCategoryMapper.deleteById
2023-05-23 23:13:55,716 DEBUG [main][MybatisConfiguration.java:128] - addMappedStatement: com.video.content.mapper.CourseCategoryMapper.deleteById
2023-05-23 23:13:55,718 DEBUG [main][MybatisConfiguration.java:128] - addMappedStatement: com.video.content.mapper.CourseCategoryMapper.deleteBatchIds
2023-05-23 23:13:55,718 DEBUG [main][MybatisConfiguration.java:128] - addMappedStatement: com.video.content.mapper.CourseCategoryMapper.deleteBatchIds
2023-05-23 23:13:55,719 DEBUG [main][MybatisConfiguration.java:128] - addMappedStatement: com.video.content.mapper.CourseCategoryMapper.update
2023-05-23 23:13:55,719 DEBUG [main][MybatisConfiguration.java:128] - addMappedStatement: com.video.content.mapper.CourseCategoryMapper.update
2023-05-23 23:13:55,721 DEBUG [main][MybatisConfiguration.java:128] - addMappedStatement: com.video.content.mapper.CourseCategoryMapper.updateById
2023-05-23 23:13:55,721 DEBUG [main][MybatisConfiguration.java:128] - addMappedStatement: com.video.content.mapper.CourseCategoryMapper.updateById
2023-05-23 23:13:55,721 DEBUG [main][MybatisConfiguration.java:128] - addMappedStatement: com.video.content.mapper.CourseCategoryMapper.selectById
2023-05-23 23:13:55,721 DEBUG [main][MybatisConfiguration.java:128] - addMappedStatement: com.video.content.mapper.CourseCategoryMapper.selectById
2023-05-23 23:13:55,722 DEBUG [main][MybatisConfiguration.java:128] - addMappedStatement: com.video.content.mapper.CourseCategoryMapper.selectBatchIds
2023-05-23 23:13:55,722 DEBUG [main][MybatisConfiguration.java:128] - addMappedStatement: com.video.content.mapper.CourseCategoryMapper.selectBatchIds
2023-05-23 23:13:55,723 DEBUG [main][MybatisConfiguration.java:128] - addMappedStatement: com.video.content.mapper.CourseCategoryMapper.selectByMap
2023-05-23 23:13:55,723 DEBUG [main][MybatisConfiguration.java:128] - addMappedStatement: com.video.content.mapper.CourseCategoryMapper.selectByMap
2023-05-23 23:13:55,725 DEBUG [main][MybatisConfiguration.java:128] - addMappedStatement: com.video.content.mapper.CourseCategoryMapper.selectOne
2023-05-23 23:13:55,725 DEBUG [main][MybatisConfiguration.java:128] - addMappedStatement: com.video.content.mapper.CourseCategoryMapper.selectOne
2023-05-23 23:13:55,726 DEBUG [main][MybatisConfiguration.java:128] - addMappedStatement: com.video.content.mapper.CourseCategoryMapper.selectCount
2023-05-23 23:13:55,726 DEBUG [main][MybatisConfiguration.java:128] - addMappedStatement: com.video.content.mapper.CourseCategoryMapper.selectCount
2023-05-23 23:13:55,728 DEBUG [main][MybatisConfiguration.java:128] - addMappedStatement: com.video.content.mapper.CourseCategoryMapper.selectMaps
2023-05-23 23:13:55,728 DEBUG [main][MybatisConfiguration.java:128] - addMappedStatement: com.video.content.mapper.CourseCategoryMapper.selectMaps
2023-05-23 23:13:55,730 DEBUG [main][MybatisConfiguration.java:128] - addMappedStatement: com.video.content.mapper.CourseCategoryMapper.selectMapsPage
2023-05-23 23:13:55,730 DEBUG [main][MybatisConfiguration.java:128] - addMappedStatement: com.video.content.mapper.CourseCategoryMapper.selectMapsPage
2023-05-23 23:13:55,731 DEBUG [main][MybatisConfiguration.java:128] - addMappedStatement: com.video.content.mapper.CourseCategoryMapper.selectObjs
2023-05-23 23:13:55,731 DEBUG [main][MybatisConfiguration.java:128] - addMappedStatement: com.video.content.mapper.CourseCategoryMapper.selectObjs
2023-05-23 23:13:55,733 DEBUG [main][MybatisConfiguration.java:128] - addMappedStatement: com.video.content.mapper.CourseCategoryMapper.selectList
2023-05-23 23:13:55,733 DEBUG [main][MybatisConfiguration.java:128] - addMappedStatement: com.video.content.mapper.CourseCategoryMapper.selectList
2023-05-23 23:13:55,734 DEBUG [main][MybatisConfiguration.java:128] - addMappedStatement: com.video.content.mapper.CourseCategoryMapper.selectPage
2023-05-23 23:13:55,734 DEBUG [main][MybatisConfiguration.java:128] - addMappedStatement: com.video.content.mapper.CourseCategoryMapper.selectPage
2023-05-23 23:13:55,739 DEBUG [main][MybatisConfiguration.java:128] - addMappedStatement: com.video.content.mapper.CourseMarketMapper.insert
2023-05-23 23:13:55,739 DEBUG [main][MybatisConfiguration.java:128] - addMappedStatement: com.video.content.mapper.CourseMarketMapper.insert
2023-05-23 23:13:55,740 DEBUG [main][MybatisConfiguration.java:128] - addMappedStatement: com.video.content.mapper.CourseMarketMapper.delete
2023-05-23 23:13:55,740 DEBUG [main][MybatisConfiguration.java:128] - addMappedStatement: com.video.content.mapper.CourseMarketMapper.delete
2023-05-23 23:13:55,741 DEBUG [main][MybatisConfiguration.java:128] - addMappedStatement: com.video.content.mapper.CourseMarketMapper.deleteByMap
2023-05-23 23:13:55,741 DEBUG [main][MybatisConfiguration.java:128] - addMappedStatement: com.video.content.mapper.CourseMarketMapper.deleteByMap
2023-05-23 23:13:55,742 DEBUG [main][MybatisConfiguration.java:128] - addMappedStatement: com.video.content.mapper.CourseMarketMapper.deleteById
2023-05-23 23:13:55,742 DEBUG [main][MybatisConfiguration.java:128] - addMappedStatement: com.video.content.mapper.CourseMarketMapper.deleteById
2023-05-23 23:13:55,744 DEBUG [main][MybatisConfiguration.java:128] - addMappedStatement: com.video.content.mapper.CourseMarketMapper.deleteBatchIds
2023-05-23 23:13:55,744 DEBUG [main][MybatisConfiguration.java:128] - addMappedStatement: com.video.content.mapper.CourseMarketMapper.deleteBatchIds
2023-05-23 23:13:55,746 DEBUG [main][MybatisConfiguration.java:128] - addMappedStatement: com.video.content.mapper.CourseMarketMapper.update
2023-05-23 23:13:55,746 DEBUG [main][MybatisConfiguration.java:128] - addMappedStatement: com.video.content.mapper.CourseMarketMapper.update
2023-05-23 23:13:55,748 DEBUG [main][MybatisConfiguration.java:128] - addMappedStatement: com.video.content.mapper.CourseMarketMapper.updateById
2023-05-23 23:13:55,748 DEBUG [main][MybatisConfiguration.java:128] - addMappedStatement: com.video.content.mapper.CourseMarketMapper.updateById
2023-05-23 23:13:55,749 DEBUG [main][MybatisConfiguration.java:128] - addMappedStatement: com.video.content.mapper.CourseMarketMapper.selectById
2023-05-23 23:13:55,749 DEBUG [main][MybatisConfiguration.java:128] - addMappedStatement: com.video.content.mapper.CourseMarketMapper.selectById
2023-05-23 23:13:55,750 DEBUG [main][MybatisConfiguration.java:128] - addMappedStatement: com.video.content.mapper.CourseMarketMapper.selectBatchIds
2023-05-23 23:13:55,750 DEBUG [main][MybatisConfiguration.java:128] - addMappedStatement: com.video.content.mapper.CourseMarketMapper.selectBatchIds
2023-05-23 23:13:55,752 DEBUG [main][MybatisConfiguration.java:128] - addMappedStatement: com.video.content.mapper.CourseMarketMapper.selectByMap
2023-05-23 23:13:55,752 DEBUG [main][MybatisConfiguration.java:128] - addMappedStatement: com.video.content.mapper.CourseMarketMapper.selectByMap
2023-05-23 23:13:55,753 DEBUG [main][MybatisConfiguration.java:128] - addMappedStatement: com.video.content.mapper.CourseMarketMapper.selectOne
2023-05-23 23:13:55,753 DEBUG [main][MybatisConfiguration.java:128] - addMappedStatement: com.video.content.mapper.CourseMarketMapper.selectOne
2023-05-23 23:13:55,754 DEBUG [main][MybatisConfiguration.java:128] - addMappedStatement: com.video.content.mapper.CourseMarketMapper.selectCount
2023-05-23 23:13:55,754 DEBUG [main][MybatisConfiguration.java:128] - addMappedStatement: com.video.content.mapper.CourseMarketMapper.selectCount
2023-05-23 23:13:55,756 DEBUG [main][MybatisConfiguration.java:128] - addMappedStatement: com.video.content.mapper.CourseMarketMapper.selectMaps
2023-05-23 23:13:55,756 DEBUG [main][MybatisConfiguration.java:128] - addMappedStatement: com.video.content.mapper.CourseMarketMapper.selectMaps
2023-05-23 23:13:55,757 DEBUG [main][MybatisConfiguration.java:128] - addMappedStatement: com.video.content.mapper.CourseMarketMapper.selectMapsPage
2023-05-23 23:13:55,757 DEBUG [main][MybatisConfiguration.java:128] - addMappedStatement: com.video.content.mapper.CourseMarketMapper.selectMapsPage
2023-05-23 23:13:55,759 DEBUG [main][MybatisConfiguration.java:128] - addMappedStatement: com.video.content.mapper.CourseMarketMapper.selectObjs
2023-05-23 23:13:55,759 DEBUG [main][MybatisConfiguration.java:128] - addMappedStatement: com.video.content.mapper.CourseMarketMapper.selectObjs
2023-05-23 23:13:55,761 DEBUG [main][MybatisConfiguration.java:128] - addMappedStatement: com.video.content.mapper.CourseMarketMapper.selectList
2023-05-23 23:13:55,761 DEBUG [main][MybatisConfiguration.java:128] - addMappedStatement: com.video.content.mapper.CourseMarketMapper.selectList
2023-05-23 23:13:55,763 DEBUG [main][MybatisConfiguration.java:128] - addMappedStatement: com.video.content.mapper.CourseMarketMapper.selectPage
2023-05-23 23:13:55,763 DEBUG [main][MybatisConfiguration.java:128] - addMappedStatement: com.video.content.mapper.CourseMarketMapper.selectPage
2023-05-23 23:13:55,768 DEBUG [main][MybatisConfiguration.java:128] - addMappedStatement: com.video.content.mapper.CoursePublishMapper.insert
2023-05-23 23:13:55,768 DEBUG [main][MybatisConfiguration.java:128] - addMappedStatement: com.video.content.mapper.CoursePublishMapper.insert
2023-05-23 23:13:55,770 DEBUG [main][MybatisConfiguration.java:128] - addMappedStatement: com.video.content.mapper.CoursePublishMapper.delete
2023-05-23 23:13:55,770 DEBUG [main][MybatisConfiguration.java:128] - addMappedStatement: com.video.content.mapper.CoursePublishMapper.delete
2023-05-23 23:13:55,771 DEBUG [main][MybatisConfiguration.java:128] - addMappedStatement: com.video.content.mapper.CoursePublishMapper.deleteByMap
2023-05-23 23:13:55,771 DEBUG [main][MybatisConfiguration.java:128] - addMappedStatement: com.video.content.mapper.CoursePublishMapper.deleteByMap
2023-05-23 23:13:55,773 DEBUG [main][MybatisConfiguration.java:128] - addMappedStatement: com.video.content.mapper.CoursePublishMapper.deleteById
2023-05-23 23:13:55,773 DEBUG [main][MybatisConfiguration.java:128] - addMappedStatement: com.video.content.mapper.CoursePublishMapper.deleteById
2023-05-23 23:13:55,774 DEBUG [main][MybatisConfiguration.java:128] - addMappedStatement: com.video.content.mapper.CoursePublishMapper.deleteBatchIds
2023-05-23 23:13:55,774 DEBUG [main][MybatisConfiguration.java:128] - addMappedStatement: com.video.content.mapper.CoursePublishMapper.deleteBatchIds
2023-05-23 23:13:55,776 DEBUG [main][MybatisConfiguration.java:128] - addMappedStatement: com.video.content.mapper.CoursePublishMapper.update
2023-05-23 23:13:55,776 DEBUG [main][MybatisConfiguration.java:128] - addMappedStatement: com.video.content.mapper.CoursePublishMapper.update
2023-05-23 23:13:55,777 DEBUG [main][MybatisConfiguration.java:128] - addMappedStatement: com.video.content.mapper.CoursePublishMapper.updateById
2023-05-23 23:13:55,777 DEBUG [main][MybatisConfiguration.java:128] - addMappedStatement: com.video.content.mapper.CoursePublishMapper.updateById
2023-05-23 23:13:55,778 DEBUG [main][MybatisConfiguration.java:128] - addMappedStatement: com.video.content.mapper.CoursePublishMapper.selectById
2023-05-23 23:13:55,778 DEBUG [main][MybatisConfiguration.java:128] - addMappedStatement: com.video.content.mapper.CoursePublishMapper.selectById
2023-05-23 23:13:55,780 DEBUG [main][MybatisConfiguration.java:128] - addMappedStatement: com.video.content.mapper.CoursePublishMapper.selectBatchIds
2023-05-23 23:13:55,780 DEBUG [main][MybatisConfiguration.java:128] - addMappedStatement: com.video.content.mapper.CoursePublishMapper.selectBatchIds
2023-05-23 23:13:55,781 DEBUG [main][MybatisConfiguration.java:128] - addMappedStatement: com.video.content.mapper.CoursePublishMapper.selectByMap
2023-05-23 23:13:55,781 DEBUG [main][MybatisConfiguration.java:128] - addMappedStatement: com.video.content.mapper.CoursePublishMapper.selectByMap
2023-05-23 23:13:55,783 DEBUG [main][MybatisConfiguration.java:128] - addMappedStatement: com.video.content.mapper.CoursePublishMapper.selectOne
2023-05-23 23:13:55,783 DEBUG [main][MybatisConfiguration.java:128] - addMappedStatement: com.video.content.mapper.CoursePublishMapper.selectOne
2023-05-23 23:13:55,785 DEBUG [main][MybatisConfiguration.java:128] - addMappedStatement: com.video.content.mapper.CoursePublishMapper.selectCount
2023-05-23 23:13:55,785 DEBUG [main][MybatisConfiguration.java:128] - addMappedStatement: com.video.content.mapper.CoursePublishMapper.selectCount
2023-05-23 23:13:55,787 DEBUG [main][MybatisConfiguration.java:128] - addMappedStatement: com.video.content.mapper.CoursePublishMapper.selectMaps
2023-05-23 23:13:55,787 DEBUG [main][MybatisConfiguration.java:128] - addMappedStatement: com.video.content.mapper.CoursePublishMapper.selectMaps
2023-05-23 23:13:55,789 DEBUG [main][MybatisConfiguration.java:128] - addMappedStatement: com.video.content.mapper.CoursePublishMapper.selectMapsPage
2023-05-23 23:13:55,789 DEBUG [main][MybatisConfiguration.java:128] - addMappedStatement: com.video.content.mapper.CoursePublishMapper.selectMapsPage
2023-05-23 23:13:55,791 DEBUG [main][MybatisConfiguration.java:128] - addMappedStatement: com.video.content.mapper.CoursePublishMapper.selectObjs
2023-05-23 23:13:55,791 DEBUG [main][MybatisConfiguration.java:128] - addMappedStatement: com.video.content.mapper.CoursePublishMapper.selectObjs
2023-05-23 23:13:55,793 DEBUG [main][MybatisConfiguration.java:128] - addMappedStatement: com.video.content.mapper.CoursePublishMapper.selectList
2023-05-23 23:13:55,793 DEBUG [main][MybatisConfiguration.java:128] - addMappedStatement: com.video.content.mapper.CoursePublishMapper.selectList
2023-05-23 23:13:55,796 DEBUG [main][MybatisConfiguration.java:128] - addMappedStatement: com.video.content.mapper.CoursePublishMapper.selectPage
2023-05-23 23:13:55,796 DEBUG [main][MybatisConfiguration.java:128] - addMappedStatement: com.video.content.mapper.CoursePublishMapper.selectPage
2023-05-23 23:13:55,805 DEBUG [main][MybatisConfiguration.java:128] - addMappedStatement: com.video.content.mapper.CoursePublishPreMapper.insert
2023-05-23 23:13:55,805 DEBUG [main][MybatisConfiguration.java:128] - addMappedStatement: com.video.content.mapper.CoursePublishPreMapper.insert
2023-05-23 23:13:55,807 DEBUG [main][MybatisConfiguration.java:128] - addMappedStatement: com.video.content.mapper.CoursePublishPreMapper.delete
2023-05-23 23:13:55,807 DEBUG [main][MybatisConfiguration.java:128] - addMappedStatement: com.video.content.mapper.CoursePublishPreMapper.delete
2023-05-23 23:13:55,809 DEBUG [main][MybatisConfiguration.java:128] - addMappedStatement: com.video.content.mapper.CoursePublishPreMapper.deleteByMap
2023-05-23 23:13:55,809 DEBUG [main][MybatisConfiguration.java:128] - addMappedStatement: com.video.content.mapper.CoursePublishPreMapper.deleteByMap
2023-05-23 23:13:55,811 DEBUG [main][MybatisConfiguration.java:128] - addMappedStatement: com.video.content.mapper.CoursePublishPreMapper.deleteById
2023-05-23 23:13:55,811 DEBUG [main][MybatisConfiguration.java:128] - addMappedStatement: com.video.content.mapper.CoursePublishPreMapper.deleteById
2023-05-23 23:13:55,813 DEBUG [main][MybatisConfiguration.java:128] - addMappedStatement: com.video.content.mapper.CoursePublishPreMapper.deleteBatchIds
2023-05-23 23:13:55,813 DEBUG [main][MybatisConfiguration.java:128] - addMappedStatement: com.video.content.mapper.CoursePublishPreMapper.deleteBatchIds
2023-05-23 23:13:55,816 DEBUG [main][MybatisConfiguration.java:128] - addMappedStatement: com.video.content.mapper.CoursePublishPreMapper.update
2023-05-23 23:13:55,816 DEBUG [main][MybatisConfiguration.java:128] - addMappedStatement: com.video.content.mapper.CoursePublishPreMapper.update
2023-05-23 23:13:55,818 DEBUG [main][MybatisConfiguration.java:128] - addMappedStatement: com.video.content.mapper.CoursePublishPreMapper.updateById
2023-05-23 23:13:55,818 DEBUG [main][MybatisConfiguration.java:128] - addMappedStatement: com.video.content.mapper.CoursePublishPreMapper.updateById
2023-05-23 23:13:55,818 DEBUG [main][MybatisConfiguration.java:128] - addMappedStatement: com.video.content.mapper.CoursePublishPreMapper.selectById
2023-05-23 23:13:55,818 DEBUG [main][MybatisConfiguration.java:128] - addMappedStatement: com.video.content.mapper.CoursePublishPreMapper.selectById
2023-05-23 23:13:55,820 DEBUG [main][MybatisConfiguration.java:128] - addMappedStatement: com.video.content.mapper.CoursePublishPreMapper.selectBatchIds
2023-05-23 23:13:55,820 DEBUG [main][MybatisConfiguration.java:128] - addMappedStatement: com.video.content.mapper.CoursePublishPreMapper.selectBatchIds
2023-05-23 23:13:55,821 DEBUG [main][MybatisConfiguration.java:128] - addMappedStatement: com.video.content.mapper.CoursePublishPreMapper.selectByMap
2023-05-23 23:13:55,821 DEBUG [main][MybatisConfiguration.java:128] - addMappedStatement: com.video.content.mapper.CoursePublishPreMapper.selectByMap
2023-05-23 23:13:55,824 DEBUG [main][MybatisConfiguration.java:128] - addMappedStatement: com.video.content.mapper.CoursePublishPreMapper.selectOne
2023-05-23 23:13:55,824 DEBUG [main][MybatisConfiguration.java:128] - addMappedStatement: com.video.content.mapper.CoursePublishPreMapper.selectOne
2023-05-23 23:13:55,827 DEBUG [main][MybatisConfiguration.java:128] - addMappedStatement: com.video.content.mapper.CoursePublishPreMapper.selectCount
2023-05-23 23:13:55,827 DEBUG [main][MybatisConfiguration.java:128] - addMappedStatement: com.video.content.mapper.CoursePublishPreMapper.selectCount
2023-05-23 23:13:55,830 DEBUG [main][MybatisConfiguration.java:128] - addMappedStatement: com.video.content.mapper.CoursePublishPreMapper.selectMaps
2023-05-23 23:13:55,830 DEBUG [main][MybatisConfiguration.java:128] - addMappedStatement: com.video.content.mapper.CoursePublishPreMapper.selectMaps
2023-05-23 23:13:55,832 DEBUG [main][MybatisConfiguration.java:128] - addMappedStatement: com.video.content.mapper.CoursePublishPreMapper.selectMapsPage
2023-05-23 23:13:55,832 DEBUG [main][MybatisConfiguration.java:128] - addMappedStatement: com.video.content.mapper.CoursePublishPreMapper.selectMapsPage
2023-05-23 23:13:55,834 DEBUG [main][MybatisConfiguration.java:128] - addMappedStatement: com.video.content.mapper.CoursePublishPreMapper.selectObjs
2023-05-23 23:13:55,834 DEBUG [main][MybatisConfiguration.java:128] - addMappedStatement: com.video.content.mapper.CoursePublishPreMapper.selectObjs
2023-05-23 23:13:55,837 DEBUG [main][MybatisConfiguration.java:128] - addMappedStatement: com.video.content.mapper.CoursePublishPreMapper.selectList
2023-05-23 23:13:55,837 DEBUG [main][MybatisConfiguration.java:128] - addMappedStatement: com.video.content.mapper.CoursePublishPreMapper.selectList
2023-05-23 23:13:55,839 DEBUG [main][MybatisConfiguration.java:128] - addMappedStatement: com.video.content.mapper.CoursePublishPreMapper.selectPage
2023-05-23 23:13:55,839 DEBUG [main][MybatisConfiguration.java:128] - addMappedStatement: com.video.content.mapper.CoursePublishPreMapper.selectPage
2023-05-23 23:13:55,847 DEBUG [main][MybatisConfiguration.java:128] - addMappedStatement: com.video.content.mapper.CourseTeacherMapper.insert
2023-05-23 23:13:55,847 DEBUG [main][MybatisConfiguration.java:128] - addMappedStatement: com.video.content.mapper.CourseTeacherMapper.insert
2023-05-23 23:13:55,850 DEBUG [main][MybatisConfiguration.java:128] - addMappedStatement: com.video.content.mapper.CourseTeacherMapper.delete
2023-05-23 23:13:55,850 DEBUG [main][MybatisConfiguration.java:128] - addMappedStatement: com.video.content.mapper.CourseTeacherMapper.delete
2023-05-23 23:13:55,853 DEBUG [main][MybatisConfiguration.java:128] - addMappedStatement: com.video.content.mapper.CourseTeacherMapper.deleteByMap
2023-05-23 23:13:55,853 DEBUG [main][MybatisConfiguration.java:128] - addMappedStatement: com.video.content.mapper.CourseTeacherMapper.deleteByMap
2023-05-23 23:13:55,856 DEBUG [main][MybatisConfiguration.java:128] - addMappedStatement: com.video.content.mapper.CourseTeacherMapper.deleteById
2023-05-23 23:13:55,856 DEBUG [main][MybatisConfiguration.java:128] - addMappedStatement: com.video.content.mapper.CourseTeacherMapper.deleteById
2023-05-23 23:13:55,858 DEBUG [main][MybatisConfiguration.java:128] - addMappedStatement: com.video.content.mapper.CourseTeacherMapper.deleteBatchIds
2023-05-23 23:13:55,858 DEBUG [main][MybatisConfiguration.java:128] - addMappedStatement: com.video.content.mapper.CourseTeacherMapper.deleteBatchIds
2023-05-23 23:13:55,861 DEBUG [main][MybatisConfiguration.java:128] - addMappedStatement: com.video.content.mapper.CourseTeacherMapper.update
2023-05-23 23:13:55,861 DEBUG [main][MybatisConfiguration.java:128] - addMappedStatement: com.video.content.mapper.CourseTeacherMapper.update
2023-05-23 23:13:55,863 DEBUG [main][MybatisConfiguration.java:128] - addMappedStatement: com.video.content.mapper.CourseTeacherMapper.updateById
2023-05-23 23:13:55,863 DEBUG [main][MybatisConfiguration.java:128] - addMappedStatement: com.video.content.mapper.CourseTeacherMapper.updateById
2023-05-23 23:13:55,864 DEBUG [main][MybatisConfiguration.java:128] - addMappedStatement: com.video.content.mapper.CourseTeacherMapper.selectById
2023-05-23 23:13:55,864 DEBUG [main][MybatisConfiguration.java:128] - addMappedStatement: com.video.content.mapper.CourseTeacherMapper.selectById
2023-05-23 23:13:55,865 DEBUG [main][MybatisConfiguration.java:128] - addMappedStatement: com.video.content.mapper.CourseTeacherMapper.selectBatchIds
2023-05-23 23:13:55,865 DEBUG [main][MybatisConfiguration.java:128] - addMappedStatement: com.video.content.mapper.CourseTeacherMapper.selectBatchIds
2023-05-23 23:13:55,868 DEBUG [main][MybatisConfiguration.java:128] - addMappedStatement: com.video.content.mapper.CourseTeacherMapper.selectByMap
2023-05-23 23:13:55,868 DEBUG [main][MybatisConfiguration.java:128] - addMappedStatement: com.video.content.mapper.CourseTeacherMapper.selectByMap
2023-05-23 23:13:55,870 DEBUG [main][MybatisConfiguration.java:128] - addMappedStatement: com.video.content.mapper.CourseTeacherMapper.selectOne
2023-05-23 23:13:55,870 DEBUG [main][MybatisConfiguration.java:128] - addMappedStatement: com.video.content.mapper.CourseTeacherMapper.selectOne
2023-05-23 23:13:55,872 DEBUG [main][MybatisConfiguration.java:128] - addMappedStatement: com.video.content.mapper.CourseTeacherMapper.selectCount
2023-05-23 23:13:55,872 DEBUG [main][MybatisConfiguration.java:128] - addMappedStatement: com.video.content.mapper.CourseTeacherMapper.selectCount
2023-05-23 23:13:55,874 DEBUG [main][MybatisConfiguration.java:128] - addMappedStatement: com.video.content.mapper.CourseTeacherMapper.selectMaps
2023-05-23 23:13:55,874 DEBUG [main][MybatisConfiguration.java:128] - addMappedStatement: com.video.content.mapper.CourseTeacherMapper.selectMaps
2023-05-23 23:13:55,876 DEBUG [main][MybatisConfiguration.java:128] - addMappedStatement: com.video.content.mapper.CourseTeacherMapper.selectMapsPage
2023-05-23 23:13:55,876 DEBUG [main][MybatisConfiguration.java:128] - addMappedStatement: com.video.content.mapper.CourseTeacherMapper.selectMapsPage
2023-05-23 23:13:55,880 DEBUG [main][MybatisConfiguration.java:128] - addMappedStatement: com.video.content.mapper.CourseTeacherMapper.selectObjs
2023-05-23 23:13:55,880 DEBUG [main][MybatisConfiguration.java:128] - addMappedStatement: com.video.content.mapper.CourseTeacherMapper.selectObjs
2023-05-23 23:13:55,883 DEBUG [main][MybatisConfiguration.java:128] - addMappedStatement: com.video.content.mapper.CourseTeacherMapper.selectList
2023-05-23 23:13:55,883 DEBUG [main][MybatisConfiguration.java:128] - addMappedStatement: com.video.content.mapper.CourseTeacherMapper.selectList
2023-05-23 23:13:55,886 DEBUG [main][MybatisConfiguration.java:128] - addMappedStatement: com.video.content.mapper.CourseTeacherMapper.selectPage
2023-05-23 23:13:55,886 DEBUG [main][MybatisConfiguration.java:128] - addMappedStatement: com.video.content.mapper.CourseTeacherMapper.selectPage
2023-05-23 23:13:55,896 DEBUG [main][MybatisConfiguration.java:128] - addMappedStatement: com.video.content.mapper.TeachplanMapper.insert
2023-05-23 23:13:55,896 DEBUG [main][MybatisConfiguration.java:128] - addMappedStatement: com.video.content.mapper.TeachplanMapper.insert
2023-05-23 23:13:55,900 DEBUG [main][MybatisConfiguration.java:128] - addMappedStatement: com.video.content.mapper.TeachplanMapper.delete
2023-05-23 23:13:55,900 DEBUG [main][MybatisConfiguration.java:128] - addMappedStatement: com.video.content.mapper.TeachplanMapper.delete
2023-05-23 23:13:55,903 DEBUG [main][MybatisConfiguration.java:128] - addMappedStatement: com.video.content.mapper.TeachplanMapper.deleteByMap
2023-05-23 23:13:55,903 DEBUG [main][MybatisConfiguration.java:128] - addMappedStatement: com.video.content.mapper.TeachplanMapper.deleteByMap
2023-05-23 23:13:55,905 DEBUG [main][MybatisConfiguration.java:128] - addMappedStatement: com.video.content.mapper.TeachplanMapper.deleteById
2023-05-23 23:13:55,905 DEBUG [main][MybatisConfiguration.java:128] - addMappedStatement: com.video.content.mapper.TeachplanMapper.deleteById
2023-05-23 23:13:55,907 DEBUG [main][MybatisConfiguration.java:128] - addMappedStatement: com.video.content.mapper.TeachplanMapper.deleteBatchIds
2023-05-23 23:13:55,907 DEBUG [main][MybatisConfiguration.java:128] - addMappedStatement: com.video.content.mapper.TeachplanMapper.deleteBatchIds
2023-05-23 23:13:55,910 DEBUG [main][MybatisConfiguration.java:128] - addMappedStatement: com.video.content.mapper.TeachplanMapper.update
2023-05-23 23:13:55,910 DEBUG [main][MybatisConfiguration.java:128] - addMappedStatement: com.video.content.mapper.TeachplanMapper.update
2023-05-23 23:13:55,913 DEBUG [main][MybatisConfiguration.java:128] - addMappedStatement: com.video.content.mapper.TeachplanMapper.updateById
2023-05-23 23:13:55,913 DEBUG [main][MybatisConfiguration.java:128] - addMappedStatement: com.video.content.mapper.TeachplanMapper.updateById
2023-05-23 23:13:55,914 DEBUG [main][MybatisConfiguration.java:128] - addMappedStatement: com.video.content.mapper.TeachplanMapper.selectById
2023-05-23 23:13:55,914 DEBUG [main][MybatisConfiguration.java:128] - addMappedStatement: com.video.content.mapper.TeachplanMapper.selectById
2023-05-23 23:13:55,916 DEBUG [main][MybatisConfiguration.java:128] - addMappedStatement: com.video.content.mapper.TeachplanMapper.selectBatchIds
2023-05-23 23:13:55,916 DEBUG [main][MybatisConfiguration.java:128] - addMappedStatement: com.video.content.mapper.TeachplanMapper.selectBatchIds
2023-05-23 23:13:55,919 DEBUG [main][MybatisConfiguration.java:128] - addMappedStatement: com.video.content.mapper.TeachplanMapper.selectByMap
2023-05-23 23:13:55,919 DEBUG [main][MybatisConfiguration.java:128] - addMappedStatement: com.video.content.mapper.TeachplanMapper.selectByMap
2023-05-23 23:13:55,923 DEBUG [main][MybatisConfiguration.java:128] - addMappedStatement: com.video.content.mapper.TeachplanMapper.selectOne
2023-05-23 23:13:55,923 DEBUG [main][MybatisConfiguration.java:128] - addMappedStatement: com.video.content.mapper.TeachplanMapper.selectOne
2023-05-23 23:13:55,926 DEBUG [main][MybatisConfiguration.java:128] - addMappedStatement: com.video.content.mapper.TeachplanMapper.selectCount
2023-05-23 23:13:55,926 DEBUG [main][MybatisConfiguration.java:128] - addMappedStatement: com.video.content.mapper.TeachplanMapper.selectCount
2023-05-23 23:13:55,931 DEBUG [main][MybatisConfiguration.java:128] - addMappedStatement: com.video.content.mapper.TeachplanMapper.selectMaps
2023-05-23 23:13:55,931 DEBUG [main][MybatisConfiguration.java:128] - addMappedStatement: com.video.content.mapper.TeachplanMapper.selectMaps
2023-05-23 23:13:55,934 DEBUG [main][MybatisConfiguration.java:128] - addMappedStatement: com.video.content.mapper.TeachplanMapper.selectMapsPage
2023-05-23 23:13:55,934 DEBUG [main][MybatisConfiguration.java:128] - addMappedStatement: com.video.content.mapper.TeachplanMapper.selectMapsPage
2023-05-23 23:13:55,937 DEBUG [main][MybatisConfiguration.java:128] - addMappedStatement: com.video.content.mapper.TeachplanMapper.selectObjs
2023-05-23 23:13:55,937 DEBUG [main][MybatisConfiguration.java:128] - addMappedStatement: com.video.content.mapper.TeachplanMapper.selectObjs
2023-05-23 23:13:55,940 DEBUG [main][MybatisConfiguration.java:128] - addMappedStatement: com.video.content.mapper.TeachplanMapper.selectList
2023-05-23 23:13:55,940 DEBUG [main][MybatisConfiguration.java:128] - addMappedStatement: com.video.content.mapper.TeachplanMapper.selectList
2023-05-23 23:13:55,945 DEBUG [main][MybatisConfiguration.java:128] - addMappedStatement: com.video.content.mapper.TeachplanMapper.selectPage
2023-05-23 23:13:55,945 DEBUG [main][MybatisConfiguration.java:128] - addMappedStatement: com.video.content.mapper.TeachplanMapper.selectPage
2023-05-23 23:13:55,954 DEBUG [main][MybatisConfiguration.java:128] - addMappedStatement: com.video.content.mapper.TeachplanMediaMapper.insert
2023-05-23 23:13:55,954 DEBUG [main][MybatisConfiguration.java:128] - addMappedStatement: com.video.content.mapper.TeachplanMediaMapper.insert
2023-05-23 23:13:55,957 DEBUG [main][MybatisConfiguration.java:128] - addMappedStatement: com.video.content.mapper.TeachplanMediaMapper.delete
2023-05-23 23:13:55,957 DEBUG [main][MybatisConfiguration.java:128] - addMappedStatement: com.video.content.mapper.TeachplanMediaMapper.delete
2023-05-23 23:13:55,962 DEBUG [main][MybatisConfiguration.java:128] - addMappedStatement: com.video.content.mapper.TeachplanMediaMapper.deleteByMap
2023-05-23 23:13:55,962 DEBUG [main][MybatisConfiguration.java:128] - addMappedStatement: com.video.content.mapper.TeachplanMediaMapper.deleteByMap
2023-05-23 23:13:55,967 DEBUG [main][MybatisConfiguration.java:128] - addMappedStatement: com.video.content.mapper.TeachplanMediaMapper.deleteById
2023-05-23 23:13:55,967 DEBUG [main][MybatisConfiguration.java:128] - addMappedStatement: com.video.content.mapper.TeachplanMediaMapper.deleteById
2023-05-23 23:13:55,970 DEBUG [main][MybatisConfiguration.java:128] - addMappedStatement: com.video.content.mapper.TeachplanMediaMapper.deleteBatchIds
2023-05-23 23:13:55,970 DEBUG [main][MybatisConfiguration.java:128] - addMappedStatement: com.video.content.mapper.TeachplanMediaMapper.deleteBatchIds
2023-05-23 23:13:55,973 DEBUG [main][MybatisConfiguration.java:128] - addMappedStatement: com.video.content.mapper.TeachplanMediaMapper.update
2023-05-23 23:13:55,973 DEBUG [main][MybatisConfiguration.java:128] - addMappedStatement: com.video.content.mapper.TeachplanMediaMapper.update
2023-05-23 23:13:55,976 DEBUG [main][MybatisConfiguration.java:128] - addMappedStatement: com.video.content.mapper.TeachplanMediaMapper.updateById
2023-05-23 23:13:55,976 DEBUG [main][MybatisConfiguration.java:128] - addMappedStatement: com.video.content.mapper.TeachplanMediaMapper.updateById
2023-05-23 23:13:55,977 DEBUG [main][MybatisConfiguration.java:128] - addMappedStatement: com.video.content.mapper.TeachplanMediaMapper.selectById
2023-05-23 23:13:55,977 DEBUG [main][MybatisConfiguration.java:128] - addMappedStatement: com.video.content.mapper.TeachplanMediaMapper.selectById
2023-05-23 23:13:55,980 DEBUG [main][MybatisConfiguration.java:128] - addMappedStatement: com.video.content.mapper.TeachplanMediaMapper.selectBatchIds
2023-05-23 23:13:55,980 DEBUG [main][MybatisConfiguration.java:128] - addMappedStatement: com.video.content.mapper.TeachplanMediaMapper.selectBatchIds
2023-05-23 23:13:55,982 DEBUG [main][MybatisConfiguration.java:128] - addMappedStatement: com.video.content.mapper.TeachplanMediaMapper.selectByMap
2023-05-23 23:13:55,982 DEBUG [main][MybatisConfiguration.java:128] - addMappedStatement: com.video.content.mapper.TeachplanMediaMapper.selectByMap
2023-05-23 23:13:55,996 DEBUG [main][MybatisConfiguration.java:128] - addMappedStatement: com.video.content.mapper.TeachplanMediaMapper.selectOne
2023-05-23 23:13:55,996 DEBUG [main][MybatisConfiguration.java:128] - addMappedStatement: com.video.content.mapper.TeachplanMediaMapper.selectOne
2023-05-23 23:13:55,998 DEBUG [main][MybatisConfiguration.java:128] - addMappedStatement: com.video.content.mapper.TeachplanMediaMapper.selectCount
2023-05-23 23:13:55,998 DEBUG [main][MybatisConfiguration.java:128] - addMappedStatement: com.video.content.mapper.TeachplanMediaMapper.selectCount
2023-05-23 23:13:56,000 DEBUG [main][MybatisConfiguration.java:128] - addMappedStatement: com.video.content.mapper.TeachplanMediaMapper.selectMaps
2023-05-23 23:13:56,000 DEBUG [main][MybatisConfiguration.java:128] - addMappedStatement: com.video.content.mapper.TeachplanMediaMapper.selectMaps
2023-05-23 23:13:56,003 DEBUG [main][MybatisConfiguration.java:128] - addMappedStatement: com.video.content.mapper.TeachplanMediaMapper.selectMapsPage
2023-05-23 23:13:56,003 DEBUG [main][MybatisConfiguration.java:128] - addMappedStatement: com.video.content.mapper.TeachplanMediaMapper.selectMapsPage
2023-05-23 23:13:56,006 DEBUG [main][MybatisConfiguration.java:128] - addMappedStatement: com.video.content.mapper.TeachplanMediaMapper.selectObjs
2023-05-23 23:13:56,006 DEBUG [main][MybatisConfiguration.java:128] - addMappedStatement: com.video.content.mapper.TeachplanMediaMapper.selectObjs
2023-05-23 23:13:56,009 DEBUG [main][MybatisConfiguration.java:128] - addMappedStatement: com.video.content.mapper.TeachplanMediaMapper.selectList
2023-05-23 23:13:56,009 DEBUG [main][MybatisConfiguration.java:128] - addMappedStatement: com.video.content.mapper.TeachplanMediaMapper.selectList
2023-05-23 23:13:56,014 DEBUG [main][MybatisConfiguration.java:128] - addMappedStatement: com.video.content.mapper.TeachplanMediaMapper.selectPage
2023-05-23 23:13:56,014 DEBUG [main][MybatisConfiguration.java:128] - addMappedStatement: com.video.content.mapper.TeachplanMediaMapper.selectPage
2023-05-23 23:13:56,025 INFO [main][DocumentationPluginsBootstrapper.java:160] - Context refreshed
2023-05-23 23:13:56,025 INFO [main][DocumentationPluginsBootstrapper.java:160] - Context refreshed
2023-05-23 23:13:56,051 INFO [main][DocumentationPluginsBootstrapper.java:163] - Found 1 custom documentation plugin(s)
2023-05-23 23:13:56,051 INFO [main][DocumentationPluginsBootstrapper.java:163] - Found 1 custom documentation plugin(s)
2023-05-23 23:13:56,099 INFO [main][ApiListingReferenceScanner.java:41] - Scanning for api listing references
2023-05-23 23:13:56,099 INFO [main][ApiListingReferenceScanner.java:41] - Scanning for api listing references
2023-05-23 23:13:56,285 INFO [main][StartupInfoLogger.java:61] - Started VideoContentApiApplicationTests in 5.55 seconds (JVM running for 6.76)
2023-05-23 23:13:56,285 INFO [main][StartupInfoLogger.java:61] - Started VideoContentApiApplicationTests in 5.55 seconds (JVM running for 6.76)
2023-05-23 23:13:56,509 INFO [SpringContextShutdownHook][ExecutorConfigurationSupport.java:218] - Shutting down ExecutorService 'applicationTaskExecutor'
2023-05-23 23:13:56,509 INFO [SpringContextShutdownHook][ExecutorConfigurationSupport.java:218] - Shutting down ExecutorService 'applicationTaskExecutor'
